<?xml version="1.0" encoding="UTF-8"?>
<testsuite xmlns:xsi="http://www.w3.org/2001/XMLSchema-instance" xsi:noNamespaceSchemaLocation="https://maven.apache.org/surefire/maven-surefire-plugin/xsd/surefire-test-report-3.0.xsd" version="3.0" name="SetUpClass.TestRunner" time="207.753" tests="2" errors="1" skipped="0" failures="0">
  <properties>
    <property name="java.specification.version" value="17"/>
    <property name="sun.cpu.isalist" value="amd64"/>
    <property name="sun.jnu.encoding" value="Cp1252"/>
    <property name="java.class.path" value="D:\Selenium Live Projects\VerifyTeamCoupon\target\test-classes;D:\Selenium Live Projects\VerifyTeamCoupon\target\classes;C:\Users\SLIDE QA\.m2\repository\org\seleniumhq\selenium\selenium-java\3.141.59\selenium-java-3.141.59.jar;C:\Users\SLIDE QA\.m2\repository\org\seleniumhq\selenium\selenium-api\3.141.59\selenium-api-3.141.59.jar;C:\Users\SLIDE QA\.m2\repository\org\seleniumhq\selenium\selenium-chrome-driver\3.141.59\selenium-chrome-driver-3.141.59.jar;C:\Users\SLIDE QA\.m2\repository\org\seleniumhq\selenium\selenium-edge-driver\3.141.59\selenium-edge-driver-3.141.59.jar;C:\Users\SLIDE QA\.m2\repository\org\seleniumhq\selenium\selenium-firefox-driver\3.141.59\selenium-firefox-driver-3.141.59.jar;C:\Users\SLIDE QA\.m2\repository\org\seleniumhq\selenium\selenium-ie-driver\3.141.59\selenium-ie-driver-3.141.59.jar;C:\Users\SLIDE QA\.m2\repository\org\seleniumhq\selenium\selenium-opera-driver\3.141.59\selenium-opera-driver-3.141.59.jar;C:\Users\SLIDE QA\.m2\repository\org\seleniumhq\selenium\selenium-remote-driver\3.141.59\selenium-remote-driver-3.141.59.jar;C:\Users\SLIDE QA\.m2\repository\org\seleniumhq\selenium\selenium-safari-driver\3.141.59\selenium-safari-driver-3.141.59.jar;C:\Users\SLIDE QA\.m2\repository\org\seleniumhq\selenium\selenium-support\3.141.59\selenium-support-3.141.59.jar;C:\Users\SLIDE QA\.m2\repository\net\bytebuddy\byte-buddy\1.8.15\byte-buddy-1.8.15.jar;C:\Users\SLIDE QA\.m2\repository\org\apache\commons\commons-exec\1.3\commons-exec-1.3.jar;C:\Users\SLIDE QA\.m2\repository\com\google\guava\guava\25.0-jre\guava-25.0-jre.jar;C:\Users\SLIDE QA\.m2\repository\com\google\code\findbugs\jsr305\1.3.9\jsr305-1.3.9.jar;C:\Users\SLIDE QA\.m2\repository\org\checkerframework\checker-compat-qual\2.0.0\checker-compat-qual-2.0.0.jar;C:\Users\SLIDE QA\.m2\repository\com\google\errorprone\error_prone_annotations\2.1.3\error_prone_annotations-2.1.3.jar;C:\Users\SLIDE QA\.m2\repository\com\google\j2objc\j2objc-annotations\1.1\j2objc-annotations-1.1.jar;C:\Users\SLIDE QA\.m2\repository\org\codehaus\mojo\animal-sniffer-annotations\1.14\animal-sniffer-annotations-1.14.jar;C:\Users\SLIDE QA\.m2\repository\com\squareup\okhttp3\okhttp\3.11.0\okhttp-3.11.0.jar;C:\Users\SLIDE QA\.m2\repository\com\squareup\okio\okio\1.14.0\okio-1.14.0.jar;C:\Users\SLIDE QA\.m2\repository\io\cucumber\cucumber-java\6.10.2\cucumber-java-6.10.2.jar;C:\Users\SLIDE QA\.m2\repository\org\apiguardian\apiguardian-api\1.1.1\apiguardian-api-1.1.1.jar;C:\Users\SLIDE QA\.m2\repository\io\cucumber\cucumber-junit\6.10.2\cucumber-junit-6.10.2.jar;C:\Users\SLIDE QA\.m2\repository\io\cucumber\cucumber-core\6.10.2\cucumber-core-6.10.2.jar;C:\Users\SLIDE QA\.m2\repository\io\cucumber\cucumber-gherkin\6.10.2\cucumber-gherkin-6.10.2.jar;C:\Users\SLIDE QA\.m2\repository\io\cucumber\cucumber-gherkin-messages\6.10.2\cucumber-gherkin-messages-6.10.2.jar;C:\Users\SLIDE QA\.m2\repository\io\cucumber\messages\14.0.1\messages-14.0.1.jar;C:\Users\SLIDE QA\.m2\repository\io\cucumber\tag-expressions\3.0.0\tag-expressions-3.0.0.jar;C:\Users\SLIDE QA\.m2\repository\io\cucumber\cucumber-expressions\10.3.0\cucumber-expressions-10.3.0.jar;C:\Users\SLIDE QA\.m2\repository\io\cucumber\datatable\3.5.0\datatable-3.5.0.jar;C:\Users\SLIDE QA\.m2\repository\io\cucumber\cucumber-plugin\6.10.2\cucumber-plugin-6.10.2.jar;C:\Users\SLIDE QA\.m2\repository\io\cucumber\docstring\6.10.2\docstring-6.10.2.jar;C:\Users\SLIDE QA\.m2\repository\io\cucumber\html-formatter\12.0.0\html-formatter-12.0.0.jar;C:\Users\SLIDE QA\.m2\repository\io\cucumber\create-meta\3.0.0\create-meta-3.0.0.jar;C:\Users\SLIDE QA\.m2\repository\org\apache\commons\commons-lang3\3.12.0\commons-lang3-3.12.0.jar;C:\Users\SLIDE QA\.m2\repository\junit\junit\4.12\junit-4.12.jar;C:\Users\SLIDE QA\.m2\repository\org\hamcrest\hamcrest-core\1.3\hamcrest-core-1.3.jar;C:\Users\SLIDE QA\.m2\repository\org\apache\maven\plugins\maven-compiler-plugin\3.8.0\maven-compiler-plugin-3.8.0.jar;C:\Users\SLIDE QA\.m2\repository\org\apache\maven\maven-plugin-api\3.0\maven-plugin-api-3.0.jar;C:\Users\SLIDE QA\.m2\repository\org\apache\maven\maven-model\3.0\maven-model-3.0.jar;C:\Users\SLIDE QA\.m2\repository\org\sonatype\sisu\sisu-inject-plexus\1.4.2\sisu-inject-plexus-1.4.2.jar;C:\Users\SLIDE QA\.m2\repository\org\sonatype\sisu\sisu-inject-bean\1.4.2\sisu-inject-bean-1.4.2.jar;C:\Users\SLIDE QA\.m2\repository\org\sonatype\sisu\sisu-guice\2.1.7\sisu-guice-2.1.7-noaop.jar;C:\Users\SLIDE QA\.m2\repository\org\apache\maven\maven-artifact\3.0\maven-artifact-3.0.jar;C:\Users\SLIDE QA\.m2\repository\org\codehaus\plexus\plexus-utils\2.0.4\plexus-utils-2.0.4.jar;C:\Users\SLIDE QA\.m2\repository\org\apache\maven\maven-core\3.0\maven-core-3.0.jar;C:\Users\SLIDE QA\.m2\repository\org\apache\maven\maven-settings\3.0\maven-settings-3.0.jar;C:\Users\SLIDE QA\.m2\repository\org\apache\maven\maven-settings-builder\3.0\maven-settings-builder-3.0.jar;C:\Users\SLIDE QA\.m2\repository\org\apache\maven\maven-repository-metadata\3.0\maven-repository-metadata-3.0.jar;C:\Users\SLIDE QA\.m2\repository\org\apache\maven\maven-model-builder\3.0\maven-model-builder-3.0.jar;C:\Users\SLIDE QA\.m2\repository\org\apache\maven\maven-aether-provider\3.0\maven-aether-provider-3.0.jar;C:\Users\SLIDE QA\.m2\repository\org\sonatype\aether\aether-impl\1.7\aether-impl-1.7.jar;C:\Users\SLIDE QA\.m2\repository\org\sonatype\aether\aether-spi\1.7\aether-spi-1.7.jar;C:\Users\SLIDE QA\.m2\repository\org\sonatype\aether\aether-api\1.7\aether-api-1.7.jar;C:\Users\SLIDE QA\.m2\repository\org\sonatype\aether\aether-util\1.7\aether-util-1.7.jar;C:\Users\SLIDE QA\.m2\repository\org\codehaus\plexus\plexus-interpolation\1.14\plexus-interpolation-1.14.jar;C:\Users\SLIDE QA\.m2\repository\org\codehaus\plexus\plexus-classworlds\2.2.3\plexus-classworlds-2.2.3.jar;C:\Users\SLIDE QA\.m2\repository\org\codehaus\plexus\plexus-component-annotations\1.5.5\plexus-component-annotations-1.5.5.jar;C:\Users\SLIDE QA\.m2\repository\org\sonatype\plexus\plexus-sec-dispatcher\1.3\plexus-sec-dispatcher-1.3.jar;C:\Users\SLIDE QA\.m2\repository\org\sonatype\plexus\plexus-cipher\1.4\plexus-cipher-1.4.jar;C:\Users\SLIDE QA\.m2\repository\org\apache\maven\shared\maven-shared-utils\3.2.1\maven-shared-utils-3.2.1.jar;C:\Users\SLIDE QA\.m2\repository\commons-io\commons-io\2.5\commons-io-2.5.jar;C:\Users\SLIDE QA\.m2\repository\org\apache\maven\shared\maven-shared-incremental\1.1\maven-shared-incremental-1.1.jar;C:\Users\SLIDE QA\.m2\repository\org\codehaus\plexus\plexus-java\0.9.10\plexus-java-0.9.10.jar;C:\Users\SLIDE QA\.m2\repository\org\ow2\asm\asm\6.2\asm-6.2.jar;C:\Users\SLIDE QA\.m2\repository\com\thoughtworks\qdox\qdox\2.0-M8\qdox-2.0-M8.jar;C:\Users\SLIDE QA\.m2\repository\org\codehaus\plexus\plexus-compiler-api\2.8.4\plexus-compiler-api-2.8.4.jar;C:\Users\SLIDE QA\.m2\repository\org\codehaus\plexus\plexus-compiler-manager\2.8.4\plexus-compiler-manager-2.8.4.jar;C:\Users\SLIDE QA\.m2\repository\org\codehaus\plexus\plexus-compiler-javac\2.8.4\plexus-compiler-javac-2.8.4.jar;C:\Users\SLIDE QA\.m2\repository\log4j\log4j\1.2.17\log4j-1.2.17.jar;C:\Users\SLIDE QA\.m2\repository\io\github\bonigarcia\webdrivermanager\5.1.0\webdrivermanager-5.1.0.jar;C:\Users\SLIDE QA\.m2\repository\org\slf4j\slf4j-api\1.7.36\slf4j-api-1.7.36.jar;C:\Users\SLIDE QA\.m2\repository\com\google\code\gson\gson\2.9.0\gson-2.9.0.jar;C:\Users\SLIDE QA\.m2\repository\com\github\docker-java\docker-java\3.2.13\docker-java-3.2.13.jar;C:\Users\SLIDE QA\.m2\repository\com\github\docker-java\docker-java-core\3.2.13\docker-java-core-3.2.13.jar;C:\Users\SLIDE QA\.m2\repository\com\github\docker-java\docker-java-api\3.2.13\docker-java-api-3.2.13.jar;C:\Users\SLIDE QA\.m2\repository\com\fasterxml\jackson\core\jackson-annotations\2.10.3\jackson-annotations-2.10.3.jar;C:\Users\SLIDE QA\.m2\repository\org\apache\commons\commons-compress\1.21\commons-compress-1.21.jar;C:\Users\SLIDE QA\.m2\repository\com\fasterxml\jackson\core\jackson-databind\2.10.3\jackson-databind-2.10.3.jar;C:\Users\SLIDE QA\.m2\repository\com\fasterxml\jackson\core\jackson-core\2.10.3\jackson-core-2.10.3.jar;C:\Users\SLIDE QA\.m2\repository\org\bouncycastle\bcpkix-jdk15on\1.64\bcpkix-jdk15on-1.64.jar;C:\Users\SLIDE QA\.m2\repository\org\bouncycastle\bcprov-jdk15on\1.64\bcprov-jdk15on-1.64.jar;C:\Users\SLIDE QA\.m2\repository\org\slf4j\jcl-over-slf4j\1.7.30\jcl-over-slf4j-1.7.30.jar;C:\Users\SLIDE QA\.m2\repository\com\github\docker-java\docker-java-transport-httpclient5\3.2.13\docker-java-transport-httpclient5-3.2.13.jar;C:\Users\SLIDE QA\.m2\repository\com\github\docker-java\docker-java-transport\3.2.13\docker-java-transport-3.2.13.jar;C:\Users\SLIDE QA\.m2\repository\org\apache\httpcomponents\client5\httpclient5\5.0.3\httpclient5-5.0.3.jar;C:\Users\SLIDE QA\.m2\repository\org\apache\httpcomponents\core5\httpcore5\5.0.2\httpcore5-5.0.2.jar;C:\Users\SLIDE QA\.m2\repository\commons-codec\commons-codec\1.13\commons-codec-1.13.jar;C:\Users\SLIDE QA\.m2\repository\net\java\dev\jna\jna\5.8.0\jna-5.8.0.jar;C:\Users\SLIDE QA\.m2\repository\org\brotli\dec\0.1.2\dec-0.1.2.jar;C:\Users\SLIDE QA\.m2\repository\org\slf4j\slf4j-simple\1.7.25\slf4j-simple-1.7.25.jar;C:\Users\SLIDE QA\.m2\repository\io\cucumber\gherkin\12.0.0\gherkin-12.0.0.jar;"/>
    <property name="java.vm.vendor" value="Eclipse Adoptium"/>
    <property name="sun.arch.data.model" value="64"/>
    <property name="user.variant" value=""/>
    <property name="java.vendor.url" value="https://adoptium.net/"/>
    <property name="user.timezone" value="Asia/Calcutta"/>
    <property name="os.name" value="Windows 10"/>
    <property name="java.vm.specification.version" value="17"/>
    <property name="sun.java.launcher" value="SUN_STANDARD"/>
    <property name="user.country" value="US"/>
    <property name="sun.boot.library.path" value="C:\Users\SLIDE QA\.p2\pool\plugins\org.eclipse.justj.openjdk.hotspot.jre.full.win32.x86_64_17.0.0.v20211012-1059\jre\bin"/>
    <property name="sun.java.command" value="C:\Users\SLIDE QA\AppData\Local\Temp\surefire1089259763486295604\surefirebooter7333583468575661409.jar C:\Users\SLIDE QA\AppData\Local\Temp\surefire1089259763486295604 2022-09-27T17-11-05_158-jvmRun1 surefire5037522912739395731tmp surefire_015296915724952386348tmp"/>
    <property name="jdk.debug" value="release"/>
    <property name="surefire.test.class.path" value="D:\Selenium Live Projects\VerifyTeamCoupon\target\test-classes;D:\Selenium Live Projects\VerifyTeamCoupon\target\classes;C:\Users\SLIDE QA\.m2\repository\org\seleniumhq\selenium\selenium-java\3.141.59\selenium-java-3.141.59.jar;C:\Users\SLIDE QA\.m2\repository\org\seleniumhq\selenium\selenium-api\3.141.59\selenium-api-3.141.59.jar;C:\Users\SLIDE QA\.m2\repository\org\seleniumhq\selenium\selenium-chrome-driver\3.141.59\selenium-chrome-driver-3.141.59.jar;C:\Users\SLIDE QA\.m2\repository\org\seleniumhq\selenium\selenium-edge-driver\3.141.59\selenium-edge-driver-3.141.59.jar;C:\Users\SLIDE QA\.m2\repository\org\seleniumhq\selenium\selenium-firefox-driver\3.141.59\selenium-firefox-driver-3.141.59.jar;C:\Users\SLIDE QA\.m2\repository\org\seleniumhq\selenium\selenium-ie-driver\3.141.59\selenium-ie-driver-3.141.59.jar;C:\Users\SLIDE QA\.m2\repository\org\seleniumhq\selenium\selenium-opera-driver\3.141.59\selenium-opera-driver-3.141.59.jar;C:\Users\SLIDE QA\.m2\repository\org\seleniumhq\selenium\selenium-remote-driver\3.141.59\selenium-remote-driver-3.141.59.jar;C:\Users\SLIDE QA\.m2\repository\org\seleniumhq\selenium\selenium-safari-driver\3.141.59\selenium-safari-driver-3.141.59.jar;C:\Users\SLIDE QA\.m2\repository\org\seleniumhq\selenium\selenium-support\3.141.59\selenium-support-3.141.59.jar;C:\Users\SLIDE QA\.m2\repository\net\bytebuddy\byte-buddy\1.8.15\byte-buddy-1.8.15.jar;C:\Users\SLIDE QA\.m2\repository\org\apache\commons\commons-exec\1.3\commons-exec-1.3.jar;C:\Users\SLIDE QA\.m2\repository\com\google\guava\guava\25.0-jre\guava-25.0-jre.jar;C:\Users\SLIDE QA\.m2\repository\com\google\code\findbugs\jsr305\1.3.9\jsr305-1.3.9.jar;C:\Users\SLIDE QA\.m2\repository\org\checkerframework\checker-compat-qual\2.0.0\checker-compat-qual-2.0.0.jar;C:\Users\SLIDE QA\.m2\repository\com\google\errorprone\error_prone_annotations\2.1.3\error_prone_annotations-2.1.3.jar;C:\Users\SLIDE QA\.m2\repository\com\google\j2objc\j2objc-annotations\1.1\j2objc-annotations-1.1.jar;C:\Users\SLIDE QA\.m2\repository\org\codehaus\mojo\animal-sniffer-annotations\1.14\animal-sniffer-annotations-1.14.jar;C:\Users\SLIDE QA\.m2\repository\com\squareup\okhttp3\okhttp\3.11.0\okhttp-3.11.0.jar;C:\Users\SLIDE QA\.m2\repository\com\squareup\okio\okio\1.14.0\okio-1.14.0.jar;C:\Users\SLIDE QA\.m2\repository\io\cucumber\cucumber-java\6.10.2\cucumber-java-6.10.2.jar;C:\Users\SLIDE QA\.m2\repository\org\apiguardian\apiguardian-api\1.1.1\apiguardian-api-1.1.1.jar;C:\Users\SLIDE QA\.m2\repository\io\cucumber\cucumber-junit\6.10.2\cucumber-junit-6.10.2.jar;C:\Users\SLIDE QA\.m2\repository\io\cucumber\cucumber-core\6.10.2\cucumber-core-6.10.2.jar;C:\Users\SLIDE QA\.m2\repository\io\cucumber\cucumber-gherkin\6.10.2\cucumber-gherkin-6.10.2.jar;C:\Users\SLIDE QA\.m2\repository\io\cucumber\cucumber-gherkin-messages\6.10.2\cucumber-gherkin-messages-6.10.2.jar;C:\Users\SLIDE QA\.m2\repository\io\cucumber\messages\14.0.1\messages-14.0.1.jar;C:\Users\SLIDE QA\.m2\repository\io\cucumber\tag-expressions\3.0.0\tag-expressions-3.0.0.jar;C:\Users\SLIDE QA\.m2\repository\io\cucumber\cucumber-expressions\10.3.0\cucumber-expressions-10.3.0.jar;C:\Users\SLIDE QA\.m2\repository\io\cucumber\datatable\3.5.0\datatable-3.5.0.jar;C:\Users\SLIDE QA\.m2\repository\io\cucumber\cucumber-plugin\6.10.2\cucumber-plugin-6.10.2.jar;C:\Users\SLIDE QA\.m2\repository\io\cucumber\docstring\6.10.2\docstring-6.10.2.jar;C:\Users\SLIDE QA\.m2\repository\io\cucumber\html-formatter\12.0.0\html-formatter-12.0.0.jar;C:\Users\SLIDE QA\.m2\repository\io\cucumber\create-meta\3.0.0\create-meta-3.0.0.jar;C:\Users\SLIDE QA\.m2\repository\org\apache\commons\commons-lang3\3.12.0\commons-lang3-3.12.0.jar;C:\Users\SLIDE QA\.m2\repository\junit\junit\4.12\junit-4.12.jar;C:\Users\SLIDE QA\.m2\repository\org\hamcrest\hamcrest-core\1.3\hamcrest-core-1.3.jar;C:\Users\SLIDE QA\.m2\repository\org\apache\maven\plugins\maven-compiler-plugin\3.8.0\maven-compiler-plugin-3.8.0.jar;C:\Users\SLIDE QA\.m2\repository\org\apache\maven\maven-plugin-api\3.0\maven-plugin-api-3.0.jar;C:\Users\SLIDE QA\.m2\repository\org\apache\maven\maven-model\3.0\maven-model-3.0.jar;C:\Users\SLIDE QA\.m2\repository\org\sonatype\sisu\sisu-inject-plexus\1.4.2\sisu-inject-plexus-1.4.2.jar;C:\Users\SLIDE QA\.m2\repository\org\sonatype\sisu\sisu-inject-bean\1.4.2\sisu-inject-bean-1.4.2.jar;C:\Users\SLIDE QA\.m2\repository\org\sonatype\sisu\sisu-guice\2.1.7\sisu-guice-2.1.7-noaop.jar;C:\Users\SLIDE QA\.m2\repository\org\apache\maven\maven-artifact\3.0\maven-artifact-3.0.jar;C:\Users\SLIDE QA\.m2\repository\org\codehaus\plexus\plexus-utils\2.0.4\plexus-utils-2.0.4.jar;C:\Users\SLIDE QA\.m2\repository\org\apache\maven\maven-core\3.0\maven-core-3.0.jar;C:\Users\SLIDE QA\.m2\repository\org\apache\maven\maven-settings\3.0\maven-settings-3.0.jar;C:\Users\SLIDE QA\.m2\repository\org\apache\maven\maven-settings-builder\3.0\maven-settings-builder-3.0.jar;C:\Users\SLIDE QA\.m2\repository\org\apache\maven\maven-repository-metadata\3.0\maven-repository-metadata-3.0.jar;C:\Users\SLIDE QA\.m2\repository\org\apache\maven\maven-model-builder\3.0\maven-model-builder-3.0.jar;C:\Users\SLIDE QA\.m2\repository\org\apache\maven\maven-aether-provider\3.0\maven-aether-provider-3.0.jar;C:\Users\SLIDE QA\.m2\repository\org\sonatype\aether\aether-impl\1.7\aether-impl-1.7.jar;C:\Users\SLIDE QA\.m2\repository\org\sonatype\aether\aether-spi\1.7\aether-spi-1.7.jar;C:\Users\SLIDE QA\.m2\repository\org\sonatype\aether\aether-api\1.7\aether-api-1.7.jar;C:\Users\SLIDE QA\.m2\repository\org\sonatype\aether\aether-util\1.7\aether-util-1.7.jar;C:\Users\SLIDE QA\.m2\repository\org\codehaus\plexus\plexus-interpolation\1.14\plexus-interpolation-1.14.jar;C:\Users\SLIDE QA\.m2\repository\org\codehaus\plexus\plexus-classworlds\2.2.3\plexus-classworlds-2.2.3.jar;C:\Users\SLIDE QA\.m2\repository\org\codehaus\plexus\plexus-component-annotations\1.5.5\plexus-component-annotations-1.5.5.jar;C:\Users\SLIDE QA\.m2\repository\org\sonatype\plexus\plexus-sec-dispatcher\1.3\plexus-sec-dispatcher-1.3.jar;C:\Users\SLIDE QA\.m2\repository\org\sonatype\plexus\plexus-cipher\1.4\plexus-cipher-1.4.jar;C:\Users\SLIDE QA\.m2\repository\org\apache\maven\shared\maven-shared-utils\3.2.1\maven-shared-utils-3.2.1.jar;C:\Users\SLIDE QA\.m2\repository\commons-io\commons-io\2.5\commons-io-2.5.jar;C:\Users\SLIDE QA\.m2\repository\org\apache\maven\shared\maven-shared-incremental\1.1\maven-shared-incremental-1.1.jar;C:\Users\SLIDE QA\.m2\repository\org\codehaus\plexus\plexus-java\0.9.10\plexus-java-0.9.10.jar;C:\Users\SLIDE QA\.m2\repository\org\ow2\asm\asm\6.2\asm-6.2.jar;C:\Users\SLIDE QA\.m2\repository\com\thoughtworks\qdox\qdox\2.0-M8\qdox-2.0-M8.jar;C:\Users\SLIDE QA\.m2\repository\org\codehaus\plexus\plexus-compiler-api\2.8.4\plexus-compiler-api-2.8.4.jar;C:\Users\SLIDE QA\.m2\repository\org\codehaus\plexus\plexus-compiler-manager\2.8.4\plexus-compiler-manager-2.8.4.jar;C:\Users\SLIDE QA\.m2\repository\org\codehaus\plexus\plexus-compiler-javac\2.8.4\plexus-compiler-javac-2.8.4.jar;C:\Users\SLIDE QA\.m2\repository\log4j\log4j\1.2.17\log4j-1.2.17.jar;C:\Users\SLIDE QA\.m2\repository\io\github\bonigarcia\webdrivermanager\5.1.0\webdrivermanager-5.1.0.jar;C:\Users\SLIDE QA\.m2\repository\org\slf4j\slf4j-api\1.7.36\slf4j-api-1.7.36.jar;C:\Users\SLIDE QA\.m2\repository\com\google\code\gson\gson\2.9.0\gson-2.9.0.jar;C:\Users\SLIDE QA\.m2\repository\com\github\docker-java\docker-java\3.2.13\docker-java-3.2.13.jar;C:\Users\SLIDE QA\.m2\repository\com\github\docker-java\docker-java-core\3.2.13\docker-java-core-3.2.13.jar;C:\Users\SLIDE QA\.m2\repository\com\github\docker-java\docker-java-api\3.2.13\docker-java-api-3.2.13.jar;C:\Users\SLIDE QA\.m2\repository\com\fasterxml\jackson\core\jackson-annotations\2.10.3\jackson-annotations-2.10.3.jar;C:\Users\SLIDE QA\.m2\repository\org\apache\commons\commons-compress\1.21\commons-compress-1.21.jar;C:\Users\SLIDE QA\.m2\repository\com\fasterxml\jackson\core\jackson-databind\2.10.3\jackson-databind-2.10.3.jar;C:\Users\SLIDE QA\.m2\repository\com\fasterxml\jackson\core\jackson-core\2.10.3\jackson-core-2.10.3.jar;C:\Users\SLIDE QA\.m2\repository\org\bouncycastle\bcpkix-jdk15on\1.64\bcpkix-jdk15on-1.64.jar;C:\Users\SLIDE QA\.m2\repository\org\bouncycastle\bcprov-jdk15on\1.64\bcprov-jdk15on-1.64.jar;C:\Users\SLIDE QA\.m2\repository\org\slf4j\jcl-over-slf4j\1.7.30\jcl-over-slf4j-1.7.30.jar;C:\Users\SLIDE QA\.m2\repository\com\github\docker-java\docker-java-transport-httpclient5\3.2.13\docker-java-transport-httpclient5-3.2.13.jar;C:\Users\SLIDE QA\.m2\repository\com\github\docker-java\docker-java-transport\3.2.13\docker-java-transport-3.2.13.jar;C:\Users\SLIDE QA\.m2\repository\org\apache\httpcomponents\client5\httpclient5\5.0.3\httpclient5-5.0.3.jar;C:\Users\SLIDE QA\.m2\repository\org\apache\httpcomponents\core5\httpcore5\5.0.2\httpcore5-5.0.2.jar;C:\Users\SLIDE QA\.m2\repository\commons-codec\commons-codec\1.13\commons-codec-1.13.jar;C:\Users\SLIDE QA\.m2\repository\net\java\dev\jna\jna\5.8.0\jna-5.8.0.jar;C:\Users\SLIDE QA\.m2\repository\org\brotli\dec\0.1.2\dec-0.1.2.jar;C:\Users\SLIDE QA\.m2\repository\org\slf4j\slf4j-simple\1.7.25\slf4j-simple-1.7.25.jar;C:\Users\SLIDE QA\.m2\repository\io\cucumber\gherkin\12.0.0\gherkin-12.0.0.jar;"/>
    <property name="sun.cpu.endian" value="little"/>
    <property name="user.home" value="C:\Users\SLIDE QA"/>
    <property name="user.language" value="en"/>
    <property name="java.specification.vendor" value="Oracle Corporation"/>
    <property name="java.version.date" value="2021-09-14"/>
    <property name="java.home" value="C:\Users\SLIDE QA\.p2\pool\plugins\org.eclipse.justj.openjdk.hotspot.jre.full.win32.x86_64_17.0.0.v20211012-1059\jre"/>
    <property name="file.separator" value="\"/>
    <property name="basedir" value="D:\Selenium Live Projects\VerifyTeamCoupon"/>
    <property name="java.vm.compressedOopsMode" value="Zero based"/>
    <property name="line.separator" value="&#10;"/>
    <property name="java.vm.specification.vendor" value="Oracle Corporation"/>
    <property name="java.specification.name" value="Java Platform API Specification"/>
    <property name="surefire.real.class.path" value="C:\Users\SLIDE QA\AppData\Local\Temp\surefire1089259763486295604\surefirebooter7333583468575661409.jar"/>
    <property name="user.script" value=""/>
    <property name="sun.management.compiler" value="HotSpot 64-Bit Tiered Compilers"/>
    <property name="java.runtime.version" value="17+35"/>
    <property name="user.name" value="SLIDE QA"/>
    <property name="path.separator" value=";"/>
    <property name="os.version" value="10.0"/>
    <property name="java.runtime.name" value="OpenJDK Runtime Environment"/>
    <property name="file.encoding" value="Cp1252"/>
    <property name="java.vm.name" value="OpenJDK 64-Bit Server VM"/>
    <property name="java.vendor.version" value="Temurin-17+35"/>
    <property name="localRepository" value="C:\Users\SLIDE QA\.m2\repository"/>
    <property name="java.vendor.url.bug" value="https://github.com/adoptium/adoptium-support/issues"/>
    <property name="java.io.tmpdir" value="C:\Users\SLIDEQ~1\AppData\Local\Temp\"/>
    <property name="java.version" value="17"/>
    <property name="user.dir" value="D:\Selenium Live Projects\VerifyTeamCoupon"/>
    <property name="os.arch" value="amd64"/>
    <property name="java.vm.specification.name" value="Java Virtual Machine Specification"/>
    <property name="sun.os.patch.level" value=""/>
    <property name="native.encoding" value="Cp1252"/>
    <property name="java.library.path" value="C:\Users\SLIDE QA\.p2\pool\plugins\org.eclipse.justj.openjdk.hotspot.jre.full.win32.x86_64_17.0.0.v20211012-1059\jre\bin;C:\Windows\Sun\Java\bin;C:\Windows\system32;C:\Windows;C:/Users/SLIDE QA/.p2/pool/plugins/org.eclipse.justj.openjdk.hotspot.jre.full.win32.x86_64_17.0.0.v20211012-1059/jre/bin/server;C:/Users/SLIDE QA/.p2/pool/plugins/org.eclipse.justj.openjdk.hotspot.jre.full.win32.x86_64_17.0.0.v20211012-1059/jre/bin;C:\Windows\system32;C:\Windows;C:\Windows\System32\Wbem;C:\Windows\System32\WindowsPowerShell\v1.0\;C:\Windows\System32\OpenSSH\;C:\Program Files\apache-maven-3.8.3\bin;C:\Program Files\Java\jdk1.8.0_291\bin;C:\Program Files\Java\jre1.8.0_291\bin;C:\Program Files\Git\cmd;C:\Program Files\dotnet\;C:\Users\SLIDE QA\AppData\Local\Microsoft\WindowsApps;;C:\Windows\System32;;."/>
    <property name="java.vm.info" value="mixed mode"/>
    <property name="java.vendor" value="Eclipse Adoptium"/>
    <property name="java.vm.version" value="17+35"/>
    <property name="sun.io.unicode.encoding" value="UnicodeLittle"/>
    <property name="java.class.version" value="61.0"/>
  </properties>
  <testcase name="verify the Summer35 coupon" classname="verify the Summer35 coupon" time="108.034">
    <error message="Expected condition failed: waiting for element to be clickable: By.xpath: //div[4]/div[1]/ol[1]/li[1]/div[1]/a[1]/img[1] (tried for 50 second(s) with 500 milliseconds interval)" type="org.openqa.selenium.TimeoutException"><![CDATA[org.openqa.selenium.TimeoutException: Expected condition failed: waiting for element to be clickable: By.xpath: //div[4]/div[1]/ol[1]/li[1]/div[1]/a[1]/img[1] (tried for 50 second(s) with 500 milliseconds interval)
Caused by: org.openqa.selenium.NoSuchElementException: 
Unable to locate element: //div[4]/div[1]/ol[1]/li[1]/div[1]/a[1]/img[1]
For documentation on this error, please visit: https://www.seleniumhq.org/exceptions/no_such_element.html
Build info: version: '3.141.59', revision: 'e82be7d358', time: '2018-11-14T08:17:03'
System info: host: 'SLIDEQA2', ip: '192.168.0.110', os.name: 'Windows 10', os.arch: 'amd64', os.version: '10.0', java.version: '17'
Driver info: org.openqa.selenium.firefox.FirefoxDriver
Capabilities {acceptInsecureCerts: true, browserName: firefox, browserVersion: 105.0.1, javascriptEnabled: true, moz:accessibilityChecks: false, moz:buildID: 20220922151854, moz:geckodriverVersion: 0.31.0, moz:headless: false, moz:platformVersion: 10.0, moz:processID: 20352, moz:profile: C:\Users\SLIDEQ~1\AppData\L..., moz:shutdownTimeout: 60000, moz:useNonSpecCompliantPointerOrigin: false, moz:webdriverClick: true, moz:windowless: false, pageLoadStrategy: normal, platform: WINDOWS, platformName: WINDOWS, proxy: Proxy(), setWindowRect: true, strictFileInteractability: false, timeouts: {implicit: 0, pageLoad: 300000, script: 30000}, unhandledPromptBehavior: dismiss and notify}
Session ID: 8c6106e7-2d9b-42f8-a547-76de6f9f37a7
*** Element info: {Using=xpath, value=//div[4]/div[1]/ol[1]/li[1]/div[1]/a[1]/img[1]}
]]></error>
    <system-out><![CDATA[config browser = firefox
setProperty browser = firefox

@verify_summer35_Coupon @for_new_User
Scenario: verify the Summer35 coupon                      &amp#27;[90m# src/test/java/features/Verify_Summer35_Coupon.feature:7&amp#27;[0m
  &amp#27;[32mGiven &amp#27;[0m&amp#27;[32mUser is on Home Page and click on Signup button&amp#27;[0m   &amp#27;[90m# stepDefinations.Verify_Summer35_Copoun.user_is_on_home_page_and_click_on_signup_button()&amp#27;[0m
qokszmthay
selenium.testing.qokszmthay@gmail.com
  &amp#27;[32mThen &amp#27;[0m&amp#27;[32mCreate a new ueser&amp#27;[0m                                 &amp#27;[90m# stepDefinations.Verify_Summer35_Copoun.create_a_new_ueser()&amp#27;[0m
URL = https://www.slideteam.net/customer/account/create/
locator = //div[4]/div[1]/ol[1]/li[1]/div[1]/a[1]/img[1]
  &amp#27;[31mThen &amp#27;[0m&amp#27;[31mClick on free ppt and download one ppt&amp#27;[0m             &amp#27;[90m# stepDefinations.Verify_Summer35_Copoun.click_on_free_ppt_and_download_one_ppt()&amp#27;[0m
      &amp#27;[31morg.openqa.selenium.TimeoutException: Expected condition failed: waiting for element to be clickable: By.xpath: //div[4]/div[1]/ol[1]/li[1]/div[1]/a[1]/img[1] (tried for 50 second(s) with 500 milliseconds interval)
	at org.openqa.selenium.support.ui.WebDriverWait.timeoutException(WebDriverWait.java:95)
	at org.openqa.selenium.support.ui.FluentWait.until(FluentWait.java:272)
	at stepDefinations.Verify_Summer35_Copoun.click_on_free_ppt_and_download_one_ppt(Verify_Summer35_Copoun.java:67)
	at âœ½.Click on free ppt and download one ppt(file:///D:/Selenium%20Live%20Projects/VerifyTeamCoupon/./src/test/java/features/Verify_Summer35_Coupon.feature:10)
Caused by: org.openqa.selenium.NoSuchElementException: Unable to locate element: //div[4]/div[1]/ol[1]/li[1]/div[1]/a[1]/img[1]
For documentation on this error, please visit: https://www.seleniumhq.org/exceptions/no_such_element.html
Build info: version: '3.141.59', revision: 'e82be7d358', time: '2018-11-14T08:17:03'
System info: host: 'SLIDEQA2', ip: '192.168.0.110', os.name: 'Windows 10', os.arch: 'amd64', os.version: '10.0', java.version: '17'
Driver info: org.openqa.selenium.firefox.FirefoxDriver
Capabilities {acceptInsecureCerts: true, browserName: firefox, browserVersion: 105.0.1, javascriptEnabled: true, moz:accessibilityChecks: false, moz:buildID: 20220922151854, moz:geckodriverVersion: 0.31.0, moz:headless: false, moz:platformVersion: 10.0, moz:processID: 20352, moz:profile: C:\Users\SLIDEQ~1\AppData\L..., moz:shutdownTimeout: 60000, moz:useNonSpecCompliantPointerOrigin: false, moz:webdriverClick: true, moz:windowless: false, pageLoadStrategy: normal, platform: WINDOWS, platformName: WINDOWS, proxy: Proxy(), setWindowRect: true, strictFileInteractability: false, timeouts: {implicit: 0, pageLoad: 300000, script: 30000}, unhandledPromptBehavior: dismiss and notify}
Session ID: 8c6106e7-2d9b-42f8-a547-76de6f9f37a7
*** Element info: {Using=xpath, value=//div[4]/div[1]/ol[1]/li[1]/div[1]/a[1]/img[1]}
	at java.base/jdk.internal.reflect.NativeConstructorAccessorImpl.newInstance0(Native Method)
	at java.base/jdk.internal.reflect.NativeConstructorAccessorImpl.newInstance(NativeConstructorAccessorImpl.java:77)
	at java.base/jdk.internal.reflect.DelegatingConstructorAccessorImpl.newInstance(DelegatingConstructorAccessorImpl.java:45)
	at java.base/java.lang.reflect.Constructor.newInstanceWithCaller(Constructor.java:499)
	at java.base/java.lang.reflect.Constructor.newInstance(Constructor.java:480)
	at org.openqa.selenium.remote.http.W3CHttpResponseCodec.createException(W3CHttpResponseCodec.java:187)
	at org.openqa.selenium.remote.http.W3CHttpResponseCodec.decode(W3CHttpResponseCodec.java:122)
	at org.openqa.selenium.remote.http.W3CHttpResponseCodec.decode(W3CHttpResponseCodec.java:49)
	at org.openqa.selenium.remote.HttpCommandExecutor.execute(HttpCommandExecutor.java:158)
	at org.openqa.selenium.remote.service.DriverCommandExecutor.execute(DriverCommandExecutor.java:83)
	at org.openqa.selenium.remote.RemoteWebDriver.execute(RemoteWebDriver.java:552)
	at org.openqa.selenium.remote.RemoteWebDriver.findElement(RemoteWebDriver.java:323)
	at org.openqa.selenium.remote.RemoteWebDriver.findElementByXPath(RemoteWebDriver.java:428)
	at org.openqa.selenium.By$ByXPath.findElement(By.java:353)
	at org.openqa.selenium.remote.RemoteWebDriver.findElement(RemoteWebDriver.java:315)
	at org.openqa.selenium.support.ui.ExpectedConditions$7.apply(ExpectedConditions.java:205)
	at org.openqa.selenium.support.ui.ExpectedConditions$7.apply(ExpectedConditions.java:201)
	at org.openqa.selenium.support.ui.ExpectedConditions$22.apply(ExpectedConditions.java:641)
	at org.openqa.selenium.support.ui.ExpectedConditions$22.apply(ExpectedConditions.java:638)
	at org.openqa.selenium.support.ui.FluentWait.until(FluentWait.java:249)
	at stepDefinations.Verify_Summer35_Copoun.click_on_free_ppt_and_download_one_ppt(Verify_Summer35_Copoun.java:67)
	at java.base/jdk.internal.reflect.NativeMethodAccessorImpl.invoke0(Native Method)
	at java.base/jdk.internal.reflect.NativeMethodAccessorImpl.invoke(NativeMethodAccessorImpl.java:77)
	at java.base/jdk.internal.reflect.DelegatingMethodAccessorImpl.invoke(DelegatingMethodAccessorImpl.java:43)
	at java.base/java.lang.reflect.Method.invoke(Method.java:568)
	at io.cucumber.java.Invoker.doInvoke(Invoker.java:66)
	at io.cucumber.java.Invoker.invoke(Invoker.java:24)
	at io.cucumber.java.AbstractGlueDefinition.invokeMethod(AbstractGlueDefinition.java:47)
	at io.cucumber.java.JavaStepDefinition.execute(JavaStepDefinition.java:29)
	at io.cucumber.core.runner.CoreStepDefinition.execute(CoreStepDefinition.java:66)
	at io.cucumber.core.runner.PickleStepDefinitionMatch.runStep(PickleStepDefinitionMatch.java:63)
	at io.cucumber.core.runner.ExecutionMode$1.execute(ExecutionMode.java:10)
	at io.cucumber.core.runner.TestStep.executeStep(TestStep.java:92)
	at io.cucumber.core.runner.TestStep.run(TestStep.java:64)
	at io.cucumber.core.runner.PickleStepTestStep.run(PickleStepTestStep.java:51)
	at io.cucumber.core.runner.TestCase.run(TestCase.java:104)
	at io.cucumber.core.runner.Runner.runPickle(Runner.java:73)
	at io.cucumber.junit.PickleRunners$NoStepDescriptions.run(PickleRunners.java:151)
	at io.cucumber.junit.FeatureRunner.runChild(FeatureRunner.java:135)
	at io.cucumber.junit.FeatureRunner.runChild(FeatureRunner.java:27)
	at org.junit.runners.ParentRunner$3.run(ParentRunner.java:290)
	at org.junit.runners.ParentRunner$1.schedule(ParentRunner.java:71)
	at org.junit.runners.ParentRunner.runChildren(ParentRunner.java:288)
	at org.junit.runners.ParentRunner.access$000(ParentRunner.java:58)
	at org.junit.runners.ParentRunner$2.evaluate(ParentRunner.java:268)
	at org.junit.runners.ParentRunner.run(ParentRunner.java:363)
	at io.cucumber.junit.Cucumber.runChild(Cucumber.java:200)
	at io.cucumber.junit.Cucumber.runChild(Cucumber.java:90)
	at org.junit.runners.ParentRunner$3.run(ParentRunner.java:290)
	at org.junit.runners.ParentRunner$1.schedule(ParentRunner.java:71)
	at org.junit.runners.ParentRunner.runChildren(ParentRunner.java:288)
	at org.junit.runners.ParentRunner.access$000(ParentRunner.java:58)
	at org.junit.runners.ParentRunner$2.evaluate(ParentRunner.java:268)
	at io.cucumber.junit.Cucumber$RunCucumber.evaluate(Cucumber.java:235)
	at org.junit.internal.runners.statements.RunBefores.evaluate(RunBefores.java:26)
	at org.junit.internal.runners.statements.RunAfters.evaluate(RunAfters.java:27)
	at org.junit.runners.ParentRunner.run(ParentRunner.java:363)
	at org.apache.maven.surefire.junit4.JUnit4Provider.execute(JUnit4Provider.java:364)
	at org.apache.maven.surefire.junit4.JUnit4Provider.executeWithRerun(JUnit4Provider.java:272)
	at org.apache.maven.surefire.junit4.JUnit4Provider.executeTestSet(JUnit4Provider.java:237)
	at org.apache.maven.surefire.junit4.JUnit4Provider.invoke(JUnit4Provider.java:158)
	at org.apache.maven.surefire.booter.ForkedBooter.runSuitesInProcess(ForkedBooter.java:428)
	at org.apache.maven.surefire.booter.ForkedBooter.execute(ForkedBooter.java:162)
	at org.apache.maven.surefire.booter.ForkedBooter.run(ForkedBooter.java:562)
	at org.apache.maven.surefire.booter.ForkedBooter.main(ForkedBooter.java:548)
&amp#27;[0m
  &amp#27;[36mThen &amp#27;[0m&amp#27;[36mAgain download the another ppt&amp#27;[0m                     &amp#27;[90m# stepDefinations.Verify_Summer35_Copoun.again_download_the_another_ppt()&amp#27;[0m
  &amp#27;[36mThen &amp#27;[0m&amp#27;[36mCopy and Paste the cpupon code and verify the code&amp#27;[0m &amp#27;[90m# stepDefinations.Verify_Summer35_Copoun.copy_and_paste_the_cpupon_code_and_verify_the_code()&amp#27;[0m
  &amp#27;[36mThen &amp#27;[0m&amp#27;[36mUser will go the pricing page&amp#27;[0m                      &amp#27;[90m# stepDefinations.Verify_Summer35_Copoun.user_will_go_the_pricing_page()&amp#27;[0m
  &amp#27;[36mThen &amp#27;[0m&amp#27;[36mClick on join now option&amp#27;[0m                           &amp#27;[90m# stepDefinations.Verify_Summer35_Copoun.click_on_join_now_option()&amp#27;[0m
  &amp#27;[36mThen &amp#27;[0m&amp#27;[36mApply the discount coupon code&amp#27;[0m                     &amp#27;[90m# stepDefinations.Verify_Summer35_Copoun.apply_the_discount_coupon_code()&amp#27;[0m
  &amp#27;[36mThen &amp#27;[0m&amp#27;[36mVerify the price&amp#27;[0m                                   &amp#27;[90m# stepDefinations.Verify_Summer35_Copoun.verify_the_price()&amp#27;[0m
  &amp#27;[36mThen &amp#27;[0m&amp#27;[36mDelete the user account&amp#27;[0m                            &amp#27;[90m# stepDefinations.Verify_Summer35_Copoun.delete_the_user_account()&amp#27;[0m

    Embedding screenshotName [image/png 157901 bytes]

]]></system-out>
    <system-err><![CDATA[log4j:WARN No appenders could be found for logger (SetUpClass.BaseClass).
log4j:WARN Please initialize the log4j system properly.
log4j:WARN See http://logging.apache.org/log4j/1.2/faq.html#noconfig for more info.
[main] INFO io.github.bonigarcia.wdm.WebDriverManager - Reading https://api.github.com/repos/mozilla/geckodriver/releases to seek geckodriver
[main] INFO io.github.bonigarcia.wdm.WebDriverManager - Exporting webdriver.gecko.driver as C:\Users\SLIDE QA\.cache\selenium\geckodriver\win64\0.31.0\geckodriver.exe
1664278871911	geckodriver	INFO	Listening on 127.0.0.1:5744
1664278872122	mozrunner::runner	INFO	Running command: "C:\\Program Files\\Mozilla Firefox\\firefox.exe" "--marionette" "-no-remote" "-profile" "C:\\Users\\SLIDEQ~1\\AppData\\Local\\Temp\\rust_mozprofile42ZBMG"
1664278872419	Marionette	INFO	Marionette enabled
1664278872425	Marionette	INFO	Listening on port 49347
Read port: 49347
1664278872662	RemoteAgent	WARN	TLS certificate errors will be ignored for this session
console.warn: SearchSettings: "get: No settings file exists, new profile?" (new NotFoundError("Could not open the file at C:\\Users\\SLIDEQ~1\\AppData\\Local\\Temp\\rust_mozprofile42ZBMG\\search.json.mozlz4", (void 0)))
Sep 27, 2022 5:11:13 PM org.openqa.selenium.remote.ProtocolHandshake createSession
INFO: Detected dialect: W3C
console.warn: LoginRecipes: "Falling back to a synchronous message for: https://www.slideteam.net."
JavaScript error: https://www.slideteam.net/static/version1664252324/_cache/merged/42ec4af6b78c92f7363e674afacfc50f.min.js, line 41: TypeError: this[("is" + (t[r].split(...)[0][0].toUpperCase() + t[r].split(...)[0].slice(...)))] is undefined
console.warn: LoginRecipes: "Falling back to a synchronous message for: https://www.slideteam.net."
]]></system-err>
  </testcase>
  <testcase name="verify the Summer35 coupon for existing user" classname="verify the Summer35 coupon" time="88.855">
    <system-out><![CDATA[
@verify_summer35_Coupon @for_Existing_User
Scenario: verify the Summer35 coupon for existing user                    &amp#27;[90m# src/test/java/features/Verify_Summer35_Coupon.feature:20&amp#27;[0m
  &amp#27;[32mGiven &amp#27;[0m&amp#27;[32muser is on home page click on sign in button&amp#27;[0m                      &amp#27;[90m# stepDefinations.Verify_Summer35_Copoun.user_is_on_home_page_click_on_sign_in_button()&amp#27;[0m
  &amp#27;[32mThen &amp#27;[0m&amp#27;[32mEnter Username &amp#27;[0m&amp#27;[32m&amp#27;[1m"nishadhiman0027@gmail.com"&amp#27;[0m&amp#27;[32m and Password &amp#27;[0m&amp#27;[32m&amp#27;[1m"Qwerty@1"&amp#27;[0m &amp#27;[90m# stepDefinations.Verify_Summer35_Copoun.enter_username_and_password(java.lang.String,java.lang.String)&amp#27;[0m
  &amp#27;[32mThen &amp#27;[0m&amp#27;[32mUser should go to the pricing page&amp#27;[0m                                 &amp#27;[90m# stepDefinations.Verify_Summer35_Copoun.user_should_go_to_the_pricing_page()&amp#27;[0m
  &amp#27;[32mThen &amp#27;[0m&amp#27;[32mclick on join Now option&amp#27;[0m                                           &amp#27;[90m# stepDefinations.Verify_Summer35_Copoun.click_on_join_Now_option()&amp#27;[0m
  &amp#27;[32mThen &amp#27;[0m&amp#27;[32mApply the discount coupon code &amp#27;[0m&amp#27;[32m&amp#27;[1m"summer35"&amp#27;[0m                          &amp#27;[90m# stepDefinations.Verify_Summer35_Copoun.apply_the_discount_coupon_code(java.lang.String)&amp#27;[0m
Price = $49.99
verify_price = $49.99
  &amp#27;[32mThen &amp#27;[0m&amp#27;[32mverify the Price&amp#27;[0m                                                   &amp#27;[90m# stepDefinations.Verify_Summer35_Copoun.verify_the_Price()&amp#27;[0m
logout= YOU ARE NOW LOGGED OUT  &amp#27;[32mThen &amp#27;[0m&amp#27;[32msignout from the application&amp#27;[0m                                       &amp#27;[90m# stepDefinations.Verify_Summer35_Copoun.signout_from_the_application()&amp#27;[0m
]]></system-out>
    <system-err><![CDATA[1664278983718	Marionette	WARN	TimedPromise timed out after 500 ms: stacktrace:
TimedPromise/<@chrome://remote/content/marionette/sync.js:236:24
TimedPromise@chrome://remote/content/marionette/sync.js:221:10
interaction.flushEventLoop@chrome://remote/content/marionette/interaction.js:431:10
webdriverClickElement@chrome://remote/content/marionette/interaction.js:179:31
1664278990836	Marionette	WARN	TimedPromise timed out after 500 ms: stacktrace:
TimedPromise/<@chrome://remote/content/marionette/sync.js:236:24
TimedPromise@chrome://remote/content/marionette/sync.js:221:10
interaction.flushEventLoop@chrome://remote/content/marionette/interaction.js:431:10
webdriverClickElement@chrome://remote/content/marionette/interaction.js:179:31
JavaScript error: https://cdn.livechatinc.com/tracking.js, line 1: Error: JSONP request failed.
1664279011299	Marionette	WARN	TimedPromise timed out after 500 ms: stacktrace:
TimedPromise/<@chrome://remote/content/marionette/sync.js:236:24
TimedPromise@chrome://remote/content/marionette/sync.js:221:10
interaction.flushEventLoop@chrome://remote/content/marionette/interaction.js:431:10
webdriverClickElement@chrome://remote/content/marionette/interaction.js:179:31
1664279061608	Marionette	WARN	TimedPromise timed out after 500 ms: stacktrace:
TimedPromise/<@chrome://remote/content/marionette/sync.js:236:24
TimedPromise@chrome://remote/content/marionette/sync.js:221:10
interaction.flushEventLoop@chrome://remote/content/marionette/interaction.js:431:10
webdriverClickElement@chrome://remote/content/marionette/interaction.js:179:31
]]></system-err>
  </testcase>
</testsuite>