<?xml version="1.0" encoding="UTF-8"?>
<testsuite xmlns:xsi="http://www.w3.org/2001/XMLSchema-instance" xsi:noNamespaceSchemaLocation="https://maven.apache.org/surefire/maven-surefire-plugin/xsd/surefire-test-report-3.0.xsd" version="3.0" name="SetUpClass.TestRunner" time="592.734" tests="3" errors="0" skipped="0" failures="1">
  <properties>
    <property name="java.specification.version" value="17"/>
    <property name="sun.cpu.isalist" value="amd64"/>
    <property name="sun.jnu.encoding" value="Cp1252"/>
    <property name="java.class.path" value="D:\Selenium Live Projects\VerifyTeamCoupon\target\test-classes;D:\Selenium Live Projects\VerifyTeamCoupon\target\classes;C:\Users\SLIDE QA\.m2\repository\org\seleniumhq\selenium\selenium-java\3.141.59\selenium-java-3.141.59.jar;C:\Users\SLIDE QA\.m2\repository\org\seleniumhq\selenium\selenium-api\3.141.59\selenium-api-3.141.59.jar;C:\Users\SLIDE QA\.m2\repository\org\seleniumhq\selenium\selenium-chrome-driver\3.141.59\selenium-chrome-driver-3.141.59.jar;C:\Users\SLIDE QA\.m2\repository\org\seleniumhq\selenium\selenium-edge-driver\3.141.59\selenium-edge-driver-3.141.59.jar;C:\Users\SLIDE QA\.m2\repository\org\seleniumhq\selenium\selenium-firefox-driver\3.141.59\selenium-firefox-driver-3.141.59.jar;C:\Users\SLIDE QA\.m2\repository\org\seleniumhq\selenium\selenium-ie-driver\3.141.59\selenium-ie-driver-3.141.59.jar;C:\Users\SLIDE QA\.m2\repository\org\seleniumhq\selenium\selenium-opera-driver\3.141.59\selenium-opera-driver-3.141.59.jar;C:\Users\SLIDE QA\.m2\repository\org\seleniumhq\selenium\selenium-remote-driver\3.141.59\selenium-remote-driver-3.141.59.jar;C:\Users\SLIDE QA\.m2\repository\org\seleniumhq\selenium\selenium-safari-driver\3.141.59\selenium-safari-driver-3.141.59.jar;C:\Users\SLIDE QA\.m2\repository\org\seleniumhq\selenium\selenium-support\3.141.59\selenium-support-3.141.59.jar;C:\Users\SLIDE QA\.m2\repository\net\bytebuddy\byte-buddy\1.8.15\byte-buddy-1.8.15.jar;C:\Users\SLIDE QA\.m2\repository\org\apache\commons\commons-exec\1.3\commons-exec-1.3.jar;C:\Users\SLIDE QA\.m2\repository\com\google\guava\guava\25.0-jre\guava-25.0-jre.jar;C:\Users\SLIDE QA\.m2\repository\com\google\code\findbugs\jsr305\1.3.9\jsr305-1.3.9.jar;C:\Users\SLIDE QA\.m2\repository\org\checkerframework\checker-compat-qual\2.0.0\checker-compat-qual-2.0.0.jar;C:\Users\SLIDE QA\.m2\repository\com\google\errorprone\error_prone_annotations\2.1.3\error_prone_annotations-2.1.3.jar;C:\Users\SLIDE QA\.m2\repository\com\google\j2objc\j2objc-annotations\1.1\j2objc-annotations-1.1.jar;C:\Users\SLIDE QA\.m2\repository\org\codehaus\mojo\animal-sniffer-annotations\1.14\animal-sniffer-annotations-1.14.jar;C:\Users\SLIDE QA\.m2\repository\com\squareup\okhttp3\okhttp\3.11.0\okhttp-3.11.0.jar;C:\Users\SLIDE QA\.m2\repository\com\squareup\okio\okio\1.14.0\okio-1.14.0.jar;C:\Users\SLIDE QA\.m2\repository\io\cucumber\cucumber-java\6.10.2\cucumber-java-6.10.2.jar;C:\Users\SLIDE QA\.m2\repository\org\apiguardian\apiguardian-api\1.1.1\apiguardian-api-1.1.1.jar;C:\Users\SLIDE QA\.m2\repository\io\cucumber\cucumber-junit\6.10.2\cucumber-junit-6.10.2.jar;C:\Users\SLIDE QA\.m2\repository\io\cucumber\cucumber-core\6.10.2\cucumber-core-6.10.2.jar;C:\Users\SLIDE QA\.m2\repository\io\cucumber\cucumber-gherkin\6.10.2\cucumber-gherkin-6.10.2.jar;C:\Users\SLIDE QA\.m2\repository\io\cucumber\cucumber-gherkin-messages\6.10.2\cucumber-gherkin-messages-6.10.2.jar;C:\Users\SLIDE QA\.m2\repository\io\cucumber\messages\14.0.1\messages-14.0.1.jar;C:\Users\SLIDE QA\.m2\repository\io\cucumber\tag-expressions\3.0.0\tag-expressions-3.0.0.jar;C:\Users\SLIDE QA\.m2\repository\io\cucumber\cucumber-expressions\10.3.0\cucumber-expressions-10.3.0.jar;C:\Users\SLIDE QA\.m2\repository\io\cucumber\datatable\3.5.0\datatable-3.5.0.jar;C:\Users\SLIDE QA\.m2\repository\io\cucumber\cucumber-plugin\6.10.2\cucumber-plugin-6.10.2.jar;C:\Users\SLIDE QA\.m2\repository\io\cucumber\docstring\6.10.2\docstring-6.10.2.jar;C:\Users\SLIDE QA\.m2\repository\io\cucumber\html-formatter\12.0.0\html-formatter-12.0.0.jar;C:\Users\SLIDE QA\.m2\repository\io\cucumber\create-meta\3.0.0\create-meta-3.0.0.jar;C:\Users\SLIDE QA\.m2\repository\org\apache\commons\commons-lang3\3.12.0\commons-lang3-3.12.0.jar;C:\Users\SLIDE QA\.m2\repository\junit\junit\4.12\junit-4.12.jar;C:\Users\SLIDE QA\.m2\repository\org\hamcrest\hamcrest-core\1.3\hamcrest-core-1.3.jar;C:\Users\SLIDE QA\.m2\repository\org\apache\maven\plugins\maven-compiler-plugin\3.8.0\maven-compiler-plugin-3.8.0.jar;C:\Users\SLIDE QA\.m2\repository\org\apache\maven\maven-plugin-api\3.0\maven-plugin-api-3.0.jar;C:\Users\SLIDE QA\.m2\repository\org\apache\maven\maven-model\3.0\maven-model-3.0.jar;C:\Users\SLIDE QA\.m2\repository\org\sonatype\sisu\sisu-inject-plexus\1.4.2\sisu-inject-plexus-1.4.2.jar;C:\Users\SLIDE QA\.m2\repository\org\sonatype\sisu\sisu-inject-bean\1.4.2\sisu-inject-bean-1.4.2.jar;C:\Users\SLIDE QA\.m2\repository\org\sonatype\sisu\sisu-guice\2.1.7\sisu-guice-2.1.7-noaop.jar;C:\Users\SLIDE QA\.m2\repository\org\apache\maven\maven-artifact\3.0\maven-artifact-3.0.jar;C:\Users\SLIDE QA\.m2\repository\org\codehaus\plexus\plexus-utils\2.0.4\plexus-utils-2.0.4.jar;C:\Users\SLIDE QA\.m2\repository\org\apache\maven\maven-core\3.0\maven-core-3.0.jar;C:\Users\SLIDE QA\.m2\repository\org\apache\maven\maven-settings\3.0\maven-settings-3.0.jar;C:\Users\SLIDE QA\.m2\repository\org\apache\maven\maven-settings-builder\3.0\maven-settings-builder-3.0.jar;C:\Users\SLIDE QA\.m2\repository\org\apache\maven\maven-repository-metadata\3.0\maven-repository-metadata-3.0.jar;C:\Users\SLIDE QA\.m2\repository\org\apache\maven\maven-model-builder\3.0\maven-model-builder-3.0.jar;C:\Users\SLIDE QA\.m2\repository\org\apache\maven\maven-aether-provider\3.0\maven-aether-provider-3.0.jar;C:\Users\SLIDE QA\.m2\repository\org\sonatype\aether\aether-impl\1.7\aether-impl-1.7.jar;C:\Users\SLIDE QA\.m2\repository\org\sonatype\aether\aether-spi\1.7\aether-spi-1.7.jar;C:\Users\SLIDE QA\.m2\repository\org\sonatype\aether\aether-api\1.7\aether-api-1.7.jar;C:\Users\SLIDE QA\.m2\repository\org\sonatype\aether\aether-util\1.7\aether-util-1.7.jar;C:\Users\SLIDE QA\.m2\repository\org\codehaus\plexus\plexus-interpolation\1.14\plexus-interpolation-1.14.jar;C:\Users\SLIDE QA\.m2\repository\org\codehaus\plexus\plexus-classworlds\2.2.3\plexus-classworlds-2.2.3.jar;C:\Users\SLIDE QA\.m2\repository\org\codehaus\plexus\plexus-component-annotations\1.5.5\plexus-component-annotations-1.5.5.jar;C:\Users\SLIDE QA\.m2\repository\org\sonatype\plexus\plexus-sec-dispatcher\1.3\plexus-sec-dispatcher-1.3.jar;C:\Users\SLIDE QA\.m2\repository\org\sonatype\plexus\plexus-cipher\1.4\plexus-cipher-1.4.jar;C:\Users\SLIDE QA\.m2\repository\org\apache\maven\shared\maven-shared-utils\3.2.1\maven-shared-utils-3.2.1.jar;C:\Users\SLIDE QA\.m2\repository\commons-io\commons-io\2.5\commons-io-2.5.jar;C:\Users\SLIDE QA\.m2\repository\org\apache\maven\shared\maven-shared-incremental\1.1\maven-shared-incremental-1.1.jar;C:\Users\SLIDE QA\.m2\repository\org\codehaus\plexus\plexus-java\0.9.10\plexus-java-0.9.10.jar;C:\Users\SLIDE QA\.m2\repository\org\ow2\asm\asm\6.2\asm-6.2.jar;C:\Users\SLIDE QA\.m2\repository\com\thoughtworks\qdox\qdox\2.0-M8\qdox-2.0-M8.jar;C:\Users\SLIDE QA\.m2\repository\org\codehaus\plexus\plexus-compiler-api\2.8.4\plexus-compiler-api-2.8.4.jar;C:\Users\SLIDE QA\.m2\repository\org\codehaus\plexus\plexus-compiler-manager\2.8.4\plexus-compiler-manager-2.8.4.jar;C:\Users\SLIDE QA\.m2\repository\org\codehaus\plexus\plexus-compiler-javac\2.8.4\plexus-compiler-javac-2.8.4.jar;C:\Users\SLIDE QA\.m2\repository\log4j\log4j\1.2.17\log4j-1.2.17.jar;C:\Users\SLIDE QA\.m2\repository\io\github\bonigarcia\webdrivermanager\5.1.0\webdrivermanager-5.1.0.jar;C:\Users\SLIDE QA\.m2\repository\org\slf4j\slf4j-api\1.7.36\slf4j-api-1.7.36.jar;C:\Users\SLIDE QA\.m2\repository\com\google\code\gson\gson\2.9.0\gson-2.9.0.jar;C:\Users\SLIDE QA\.m2\repository\com\github\docker-java\docker-java\3.2.13\docker-java-3.2.13.jar;C:\Users\SLIDE QA\.m2\repository\com\github\docker-java\docker-java-core\3.2.13\docker-java-core-3.2.13.jar;C:\Users\SLIDE QA\.m2\repository\com\github\docker-java\docker-java-api\3.2.13\docker-java-api-3.2.13.jar;C:\Users\SLIDE QA\.m2\repository\com\fasterxml\jackson\core\jackson-annotations\2.10.3\jackson-annotations-2.10.3.jar;C:\Users\SLIDE QA\.m2\repository\org\apache\commons\commons-compress\1.21\commons-compress-1.21.jar;C:\Users\SLIDE QA\.m2\repository\com\fasterxml\jackson\core\jackson-databind\2.10.3\jackson-databind-2.10.3.jar;C:\Users\SLIDE QA\.m2\repository\com\fasterxml\jackson\core\jackson-core\2.10.3\jackson-core-2.10.3.jar;C:\Users\SLIDE QA\.m2\repository\org\bouncycastle\bcpkix-jdk15on\1.64\bcpkix-jdk15on-1.64.jar;C:\Users\SLIDE QA\.m2\repository\org\bouncycastle\bcprov-jdk15on\1.64\bcprov-jdk15on-1.64.jar;C:\Users\SLIDE QA\.m2\repository\org\slf4j\jcl-over-slf4j\1.7.30\jcl-over-slf4j-1.7.30.jar;C:\Users\SLIDE QA\.m2\repository\com\github\docker-java\docker-java-transport-httpclient5\3.2.13\docker-java-transport-httpclient5-3.2.13.jar;C:\Users\SLIDE QA\.m2\repository\com\github\docker-java\docker-java-transport\3.2.13\docker-java-transport-3.2.13.jar;C:\Users\SLIDE QA\.m2\repository\org\apache\httpcomponents\client5\httpclient5\5.0.3\httpclient5-5.0.3.jar;C:\Users\SLIDE QA\.m2\repository\org\apache\httpcomponents\core5\httpcore5\5.0.2\httpcore5-5.0.2.jar;C:\Users\SLIDE QA\.m2\repository\commons-codec\commons-codec\1.13\commons-codec-1.13.jar;C:\Users\SLIDE QA\.m2\repository\net\java\dev\jna\jna\5.8.0\jna-5.8.0.jar;C:\Users\SLIDE QA\.m2\repository\org\brotli\dec\0.1.2\dec-0.1.2.jar;C:\Users\SLIDE QA\.m2\repository\org\slf4j\slf4j-simple\1.7.25\slf4j-simple-1.7.25.jar;C:\Users\SLIDE QA\.m2\repository\io\cucumber\gherkin\12.0.0\gherkin-12.0.0.jar;"/>
    <property name="java.vm.vendor" value="Eclipse Adoptium"/>
    <property name="sun.arch.data.model" value="64"/>
    <property name="user.variant" value=""/>
    <property name="java.vendor.url" value="https://adoptium.net/"/>
    <property name="user.timezone" value="Asia/Calcutta"/>
    <property name="os.name" value="Windows 10"/>
    <property name="java.vm.specification.version" value="17"/>
    <property name="sun.java.launcher" value="SUN_STANDARD"/>
    <property name="user.country" value="US"/>
    <property name="sun.boot.library.path" value="C:\Users\SLIDE QA\.p2\pool\plugins\org.eclipse.justj.openjdk.hotspot.jre.full.win32.x86_64_17.0.0.v20211012-1059\jre\bin"/>
    <property name="sun.java.command" value="C:\Users\SLIDE QA\AppData\Local\Temp\surefire12964768390453051000\surefirebooter3586909371081746076.jar C:\Users\SLIDE QA\AppData\Local\Temp\surefire12964768390453051000 2022-09-28T15-30-21_967-jvmRun1 surefire14130755758420291947tmp surefire_09768406891743873306tmp"/>
    <property name="jdk.debug" value="release"/>
    <property name="surefire.test.class.path" value="D:\Selenium Live Projects\VerifyTeamCoupon\target\test-classes;D:\Selenium Live Projects\VerifyTeamCoupon\target\classes;C:\Users\SLIDE QA\.m2\repository\org\seleniumhq\selenium\selenium-java\3.141.59\selenium-java-3.141.59.jar;C:\Users\SLIDE QA\.m2\repository\org\seleniumhq\selenium\selenium-api\3.141.59\selenium-api-3.141.59.jar;C:\Users\SLIDE QA\.m2\repository\org\seleniumhq\selenium\selenium-chrome-driver\3.141.59\selenium-chrome-driver-3.141.59.jar;C:\Users\SLIDE QA\.m2\repository\org\seleniumhq\selenium\selenium-edge-driver\3.141.59\selenium-edge-driver-3.141.59.jar;C:\Users\SLIDE QA\.m2\repository\org\seleniumhq\selenium\selenium-firefox-driver\3.141.59\selenium-firefox-driver-3.141.59.jar;C:\Users\SLIDE QA\.m2\repository\org\seleniumhq\selenium\selenium-ie-driver\3.141.59\selenium-ie-driver-3.141.59.jar;C:\Users\SLIDE QA\.m2\repository\org\seleniumhq\selenium\selenium-opera-driver\3.141.59\selenium-opera-driver-3.141.59.jar;C:\Users\SLIDE QA\.m2\repository\org\seleniumhq\selenium\selenium-remote-driver\3.141.59\selenium-remote-driver-3.141.59.jar;C:\Users\SLIDE QA\.m2\repository\org\seleniumhq\selenium\selenium-safari-driver\3.141.59\selenium-safari-driver-3.141.59.jar;C:\Users\SLIDE QA\.m2\repository\org\seleniumhq\selenium\selenium-support\3.141.59\selenium-support-3.141.59.jar;C:\Users\SLIDE QA\.m2\repository\net\bytebuddy\byte-buddy\1.8.15\byte-buddy-1.8.15.jar;C:\Users\SLIDE QA\.m2\repository\org\apache\commons\commons-exec\1.3\commons-exec-1.3.jar;C:\Users\SLIDE QA\.m2\repository\com\google\guava\guava\25.0-jre\guava-25.0-jre.jar;C:\Users\SLIDE QA\.m2\repository\com\google\code\findbugs\jsr305\1.3.9\jsr305-1.3.9.jar;C:\Users\SLIDE QA\.m2\repository\org\checkerframework\checker-compat-qual\2.0.0\checker-compat-qual-2.0.0.jar;C:\Users\SLIDE QA\.m2\repository\com\google\errorprone\error_prone_annotations\2.1.3\error_prone_annotations-2.1.3.jar;C:\Users\SLIDE QA\.m2\repository\com\google\j2objc\j2objc-annotations\1.1\j2objc-annotations-1.1.jar;C:\Users\SLIDE QA\.m2\repository\org\codehaus\mojo\animal-sniffer-annotations\1.14\animal-sniffer-annotations-1.14.jar;C:\Users\SLIDE QA\.m2\repository\com\squareup\okhttp3\okhttp\3.11.0\okhttp-3.11.0.jar;C:\Users\SLIDE QA\.m2\repository\com\squareup\okio\okio\1.14.0\okio-1.14.0.jar;C:\Users\SLIDE QA\.m2\repository\io\cucumber\cucumber-java\6.10.2\cucumber-java-6.10.2.jar;C:\Users\SLIDE QA\.m2\repository\org\apiguardian\apiguardian-api\1.1.1\apiguardian-api-1.1.1.jar;C:\Users\SLIDE QA\.m2\repository\io\cucumber\cucumber-junit\6.10.2\cucumber-junit-6.10.2.jar;C:\Users\SLIDE QA\.m2\repository\io\cucumber\cucumber-core\6.10.2\cucumber-core-6.10.2.jar;C:\Users\SLIDE QA\.m2\repository\io\cucumber\cucumber-gherkin\6.10.2\cucumber-gherkin-6.10.2.jar;C:\Users\SLIDE QA\.m2\repository\io\cucumber\cucumber-gherkin-messages\6.10.2\cucumber-gherkin-messages-6.10.2.jar;C:\Users\SLIDE QA\.m2\repository\io\cucumber\messages\14.0.1\messages-14.0.1.jar;C:\Users\SLIDE QA\.m2\repository\io\cucumber\tag-expressions\3.0.0\tag-expressions-3.0.0.jar;C:\Users\SLIDE QA\.m2\repository\io\cucumber\cucumber-expressions\10.3.0\cucumber-expressions-10.3.0.jar;C:\Users\SLIDE QA\.m2\repository\io\cucumber\datatable\3.5.0\datatable-3.5.0.jar;C:\Users\SLIDE QA\.m2\repository\io\cucumber\cucumber-plugin\6.10.2\cucumber-plugin-6.10.2.jar;C:\Users\SLIDE QA\.m2\repository\io\cucumber\docstring\6.10.2\docstring-6.10.2.jar;C:\Users\SLIDE QA\.m2\repository\io\cucumber\html-formatter\12.0.0\html-formatter-12.0.0.jar;C:\Users\SLIDE QA\.m2\repository\io\cucumber\create-meta\3.0.0\create-meta-3.0.0.jar;C:\Users\SLIDE QA\.m2\repository\org\apache\commons\commons-lang3\3.12.0\commons-lang3-3.12.0.jar;C:\Users\SLIDE QA\.m2\repository\junit\junit\4.12\junit-4.12.jar;C:\Users\SLIDE QA\.m2\repository\org\hamcrest\hamcrest-core\1.3\hamcrest-core-1.3.jar;C:\Users\SLIDE QA\.m2\repository\org\apache\maven\plugins\maven-compiler-plugin\3.8.0\maven-compiler-plugin-3.8.0.jar;C:\Users\SLIDE QA\.m2\repository\org\apache\maven\maven-plugin-api\3.0\maven-plugin-api-3.0.jar;C:\Users\SLIDE QA\.m2\repository\org\apache\maven\maven-model\3.0\maven-model-3.0.jar;C:\Users\SLIDE QA\.m2\repository\org\sonatype\sisu\sisu-inject-plexus\1.4.2\sisu-inject-plexus-1.4.2.jar;C:\Users\SLIDE QA\.m2\repository\org\sonatype\sisu\sisu-inject-bean\1.4.2\sisu-inject-bean-1.4.2.jar;C:\Users\SLIDE QA\.m2\repository\org\sonatype\sisu\sisu-guice\2.1.7\sisu-guice-2.1.7-noaop.jar;C:\Users\SLIDE QA\.m2\repository\org\apache\maven\maven-artifact\3.0\maven-artifact-3.0.jar;C:\Users\SLIDE QA\.m2\repository\org\codehaus\plexus\plexus-utils\2.0.4\plexus-utils-2.0.4.jar;C:\Users\SLIDE QA\.m2\repository\org\apache\maven\maven-core\3.0\maven-core-3.0.jar;C:\Users\SLIDE QA\.m2\repository\org\apache\maven\maven-settings\3.0\maven-settings-3.0.jar;C:\Users\SLIDE QA\.m2\repository\org\apache\maven\maven-settings-builder\3.0\maven-settings-builder-3.0.jar;C:\Users\SLIDE QA\.m2\repository\org\apache\maven\maven-repository-metadata\3.0\maven-repository-metadata-3.0.jar;C:\Users\SLIDE QA\.m2\repository\org\apache\maven\maven-model-builder\3.0\maven-model-builder-3.0.jar;C:\Users\SLIDE QA\.m2\repository\org\apache\maven\maven-aether-provider\3.0\maven-aether-provider-3.0.jar;C:\Users\SLIDE QA\.m2\repository\org\sonatype\aether\aether-impl\1.7\aether-impl-1.7.jar;C:\Users\SLIDE QA\.m2\repository\org\sonatype\aether\aether-spi\1.7\aether-spi-1.7.jar;C:\Users\SLIDE QA\.m2\repository\org\sonatype\aether\aether-api\1.7\aether-api-1.7.jar;C:\Users\SLIDE QA\.m2\repository\org\sonatype\aether\aether-util\1.7\aether-util-1.7.jar;C:\Users\SLIDE QA\.m2\repository\org\codehaus\plexus\plexus-interpolation\1.14\plexus-interpolation-1.14.jar;C:\Users\SLIDE QA\.m2\repository\org\codehaus\plexus\plexus-classworlds\2.2.3\plexus-classworlds-2.2.3.jar;C:\Users\SLIDE QA\.m2\repository\org\codehaus\plexus\plexus-component-annotations\1.5.5\plexus-component-annotations-1.5.5.jar;C:\Users\SLIDE QA\.m2\repository\org\sonatype\plexus\plexus-sec-dispatcher\1.3\plexus-sec-dispatcher-1.3.jar;C:\Users\SLIDE QA\.m2\repository\org\sonatype\plexus\plexus-cipher\1.4\plexus-cipher-1.4.jar;C:\Users\SLIDE QA\.m2\repository\org\apache\maven\shared\maven-shared-utils\3.2.1\maven-shared-utils-3.2.1.jar;C:\Users\SLIDE QA\.m2\repository\commons-io\commons-io\2.5\commons-io-2.5.jar;C:\Users\SLIDE QA\.m2\repository\org\apache\maven\shared\maven-shared-incremental\1.1\maven-shared-incremental-1.1.jar;C:\Users\SLIDE QA\.m2\repository\org\codehaus\plexus\plexus-java\0.9.10\plexus-java-0.9.10.jar;C:\Users\SLIDE QA\.m2\repository\org\ow2\asm\asm\6.2\asm-6.2.jar;C:\Users\SLIDE QA\.m2\repository\com\thoughtworks\qdox\qdox\2.0-M8\qdox-2.0-M8.jar;C:\Users\SLIDE QA\.m2\repository\org\codehaus\plexus\plexus-compiler-api\2.8.4\plexus-compiler-api-2.8.4.jar;C:\Users\SLIDE QA\.m2\repository\org\codehaus\plexus\plexus-compiler-manager\2.8.4\plexus-compiler-manager-2.8.4.jar;C:\Users\SLIDE QA\.m2\repository\org\codehaus\plexus\plexus-compiler-javac\2.8.4\plexus-compiler-javac-2.8.4.jar;C:\Users\SLIDE QA\.m2\repository\log4j\log4j\1.2.17\log4j-1.2.17.jar;C:\Users\SLIDE QA\.m2\repository\io\github\bonigarcia\webdrivermanager\5.1.0\webdrivermanager-5.1.0.jar;C:\Users\SLIDE QA\.m2\repository\org\slf4j\slf4j-api\1.7.36\slf4j-api-1.7.36.jar;C:\Users\SLIDE QA\.m2\repository\com\google\code\gson\gson\2.9.0\gson-2.9.0.jar;C:\Users\SLIDE QA\.m2\repository\com\github\docker-java\docker-java\3.2.13\docker-java-3.2.13.jar;C:\Users\SLIDE QA\.m2\repository\com\github\docker-java\docker-java-core\3.2.13\docker-java-core-3.2.13.jar;C:\Users\SLIDE QA\.m2\repository\com\github\docker-java\docker-java-api\3.2.13\docker-java-api-3.2.13.jar;C:\Users\SLIDE QA\.m2\repository\com\fasterxml\jackson\core\jackson-annotations\2.10.3\jackson-annotations-2.10.3.jar;C:\Users\SLIDE QA\.m2\repository\org\apache\commons\commons-compress\1.21\commons-compress-1.21.jar;C:\Users\SLIDE QA\.m2\repository\com\fasterxml\jackson\core\jackson-databind\2.10.3\jackson-databind-2.10.3.jar;C:\Users\SLIDE QA\.m2\repository\com\fasterxml\jackson\core\jackson-core\2.10.3\jackson-core-2.10.3.jar;C:\Users\SLIDE QA\.m2\repository\org\bouncycastle\bcpkix-jdk15on\1.64\bcpkix-jdk15on-1.64.jar;C:\Users\SLIDE QA\.m2\repository\org\bouncycastle\bcprov-jdk15on\1.64\bcprov-jdk15on-1.64.jar;C:\Users\SLIDE QA\.m2\repository\org\slf4j\jcl-over-slf4j\1.7.30\jcl-over-slf4j-1.7.30.jar;C:\Users\SLIDE QA\.m2\repository\com\github\docker-java\docker-java-transport-httpclient5\3.2.13\docker-java-transport-httpclient5-3.2.13.jar;C:\Users\SLIDE QA\.m2\repository\com\github\docker-java\docker-java-transport\3.2.13\docker-java-transport-3.2.13.jar;C:\Users\SLIDE QA\.m2\repository\org\apache\httpcomponents\client5\httpclient5\5.0.3\httpclient5-5.0.3.jar;C:\Users\SLIDE QA\.m2\repository\org\apache\httpcomponents\core5\httpcore5\5.0.2\httpcore5-5.0.2.jar;C:\Users\SLIDE QA\.m2\repository\commons-codec\commons-codec\1.13\commons-codec-1.13.jar;C:\Users\SLIDE QA\.m2\repository\net\java\dev\jna\jna\5.8.0\jna-5.8.0.jar;C:\Users\SLIDE QA\.m2\repository\org\brotli\dec\0.1.2\dec-0.1.2.jar;C:\Users\SLIDE QA\.m2\repository\org\slf4j\slf4j-simple\1.7.25\slf4j-simple-1.7.25.jar;C:\Users\SLIDE QA\.m2\repository\io\cucumber\gherkin\12.0.0\gherkin-12.0.0.jar;"/>
    <property name="sun.cpu.endian" value="little"/>
    <property name="user.home" value="C:\Users\SLIDE QA"/>
    <property name="user.language" value="en"/>
    <property name="java.specification.vendor" value="Oracle Corporation"/>
    <property name="java.version.date" value="2021-09-14"/>
    <property name="java.home" value="C:\Users\SLIDE QA\.p2\pool\plugins\org.eclipse.justj.openjdk.hotspot.jre.full.win32.x86_64_17.0.0.v20211012-1059\jre"/>
    <property name="file.separator" value="\"/>
    <property name="basedir" value="D:\Selenium Live Projects\VerifyTeamCoupon"/>
    <property name="java.vm.compressedOopsMode" value="Zero based"/>
    <property name="line.separator" value="&#10;"/>
    <property name="java.vm.specification.vendor" value="Oracle Corporation"/>
    <property name="java.specification.name" value="Java Platform API Specification"/>
    <property name="surefire.real.class.path" value="C:\Users\SLIDE QA\AppData\Local\Temp\surefire12964768390453051000\surefirebooter3586909371081746076.jar"/>
    <property name="user.script" value=""/>
    <property name="sun.management.compiler" value="HotSpot 64-Bit Tiered Compilers"/>
    <property name="java.runtime.version" value="17+35"/>
    <property name="user.name" value="SLIDE QA"/>
    <property name="path.separator" value=";"/>
    <property name="os.version" value="10.0"/>
    <property name="java.runtime.name" value="OpenJDK Runtime Environment"/>
    <property name="file.encoding" value="Cp1252"/>
    <property name="java.vm.name" value="OpenJDK 64-Bit Server VM"/>
    <property name="java.vendor.version" value="Temurin-17+35"/>
    <property name="localRepository" value="C:\Users\SLIDE QA\.m2\repository"/>
    <property name="java.vendor.url.bug" value="https://github.com/adoptium/adoptium-support/issues"/>
    <property name="java.io.tmpdir" value="C:\Users\SLIDEQ~1\AppData\Local\Temp\"/>
    <property name="java.version" value="17"/>
    <property name="user.dir" value="D:\Selenium Live Projects\VerifyTeamCoupon"/>
    <property name="os.arch" value="amd64"/>
    <property name="java.vm.specification.name" value="Java Virtual Machine Specification"/>
    <property name="sun.os.patch.level" value=""/>
    <property name="native.encoding" value="Cp1252"/>
    <property name="java.library.path" value="C:\Users\SLIDE QA\.p2\pool\plugins\org.eclipse.justj.openjdk.hotspot.jre.full.win32.x86_64_17.0.0.v20211012-1059\jre\bin;C:\Windows\Sun\Java\bin;C:\Windows\system32;C:\Windows;C:/Users/SLIDE QA/.p2/pool/plugins/org.eclipse.justj.openjdk.hotspot.jre.full.win32.x86_64_17.0.0.v20211012-1059/jre/bin/server;C:/Users/SLIDE QA/.p2/pool/plugins/org.eclipse.justj.openjdk.hotspot.jre.full.win32.x86_64_17.0.0.v20211012-1059/jre/bin;C:\Windows\system32;C:\Windows;C:\Windows\System32\Wbem;C:\Windows\System32\WindowsPowerShell\v1.0\;C:\Windows\System32\OpenSSH\;C:\Program Files\apache-maven-3.8.3\bin;C:\Program Files\Java\jdk1.8.0_291\bin;C:\Program Files\Java\jre1.8.0_291\bin;C:\Program Files\Git\cmd;C:\Program Files\dotnet\;C:\Users\SLIDE QA\AppData\Local\Microsoft\WindowsApps;;C:\Windows\System32;;."/>
    <property name="java.vm.info" value="mixed mode"/>
    <property name="java.vendor" value="Eclipse Adoptium"/>
    <property name="java.vm.version" value="17+35"/>
    <property name="sun.io.unicode.encoding" value="UnicodeLittle"/>
    <property name="java.class.version" value="61.0"/>
  </properties>
  <testcase name="verify the 5OFF coupon for free accounts for individual" classname="verify the 5OFF coupon" time="340.417">
    <system-out><![CDATA[config browser = chrome
setProperty browser = chrome

@verify_5OFF_Coupon @individual
Scenario: verify the 5OFF coupon for free accounts for individual      &amp#27;[90m# src/test/java/features/Verify_5Off_Coupon.feature:7&amp#27;[0m
  &amp#27;[32mGiven &amp#27;[0m&amp#27;[32mUser is on Home Page and click on Login button&amp#27;[0m                 &amp#27;[90m# stepDefinations.Verify_5OFF_Coupon.User_is_on_Home_Page_and_click_on_Login_button()&amp#27;[0m
  &amp#27;[32mThen &amp#27;[0m&amp#27;[32mEnter username &amp#27;[0m&amp#27;[32m&amp#27;[1m"Qatest@mailinator.com"&amp#27;[0m&amp#27;[32m and passwordi &amp#27;[0m&amp#27;[32m&amp#27;[1m"123456"&amp#27;[0m   &amp#27;[90m# stepDefinations.Verify_5OFF_Coupon.Enter_username_and_passwordi(java.lang.String,java.lang.String)&amp#27;[0m
Monthly clicked
  &amp#27;[32mThen &amp#27;[0m&amp#27;[32mclick on join now monthly option&amp#27;[0m                                &amp#27;[90m# stepDefinations.Verify_5OFF_Coupon.click_on_join_now_monthly_option()&amp#27;[0m
Title = Checkout
  &amp#27;[32mThen &amp#27;[0m&amp#27;[32mverify that user should be on checkout page&amp#27;[0m                     &amp#27;[90m# stepDefinations.Verify_5OFF_Coupon.verify_that_user_should_be_on_checkout_page()&amp#27;[0m
delete_Coupon_Message = Your coupon was successfully removed.
success_Message = Your coupon was successfully applied.
  &amp#27;[32mThen &amp#27;[0m&amp#27;[32mselect the radio button for coupon code and stripe option&amp#27;[0m       &amp#27;[90m# stepDefinations.Verify_5OFF_Coupon.select_the_radio_button_for_coupon_code_and_stripe_option()&amp#27;[0m
Price = $47.49
  &amp#27;[32mThen &amp#27;[0m&amp#27;[32mverify the price for stripe option&amp#27;[0m                              &amp#27;[90m# stepDefinations.Verify_5OFF_Coupon.verify_the_price_for_stripe_option()&amp#27;[0m
delete_Coupon_Message = Your coupon was successfully removed.
  &amp#27;[32mThen &amp#27;[0m&amp#27;[32mremove the coupon code&amp#27;[0m                                          &amp#27;[90m# stepDefinations.Verify_5OFF_Coupon.remove_the_coupon_code()&amp#27;[0m
success_Message = Your coupon was successfully applied.
  &amp#27;[32mThen &amp#27;[0m&amp#27;[32magain select the radio button for coupon code and paypal option&amp#27;[0m &amp#27;[90m# stepDefinations.Verify_5OFF_Coupon.again_select_the_radio_button_for_coupon_code_and_paypal_option()&amp#27;[0m
Price = $47.49
  &amp#27;[32mThen &amp#27;[0m&amp#27;[32mverify the price for paypal&amp#27;[0m                                     &amp#27;[90m# stepDefinations.Verify_5OFF_Coupon.verify_the_price_for_paypal()&amp#27;[0m
delete_Coupon_Message = Your coupon was successfully removed.
  &amp#27;[32mThen &amp#27;[0m&amp#27;[32mremove the coupon code and check the message&amp#27;[0m                    &amp#27;[90m# stepDefinations.Verify_5OFF_Coupon.remove_the_coupon_code_and_check_the_message()&amp#27;[0m
  &amp#27;[32mThen &amp#27;[0m&amp#27;[32mnavigates back to the pricing page&amp#27;[0m                              &amp#27;[90m# stepDefinations.Verify_5OFF_Coupon.navigates_back_to_the_pricing_page()&amp#27;[0m
indiviaual_semi_Annual clicked
  &amp#27;[32mThen &amp#27;[0m&amp#27;[32mclick on join now semi Annual option&amp#27;[0m                            &amp#27;[90m# stepDefinations.Verify_5OFF_Coupon.click_on_join_now_semi_annual_option()&amp#27;[0m
Title = Checkout
  &amp#27;[32mThen &amp#27;[0m&amp#27;[32mVerify that user should be on checkout page&amp#27;[0m                     &amp#27;[90m# stepDefinations.Verify_5OFF_Coupon.Verify_that_user_should_be_on_checkout_page()&amp#27;[0m
success_Message = Your coupon was successfully applied.
  &amp#27;[32mThen &amp#27;[0m&amp#27;[32mSelect the radio button for coupon code and stripe option&amp#27;[0m       &amp#27;[90m# stepDefinations.Verify_5OFF_Coupon.Select_the_radio_button_for_coupon_code_and_stripe_option()&amp#27;[0m
Price = $142.49
  &amp#27;[32mThen &amp#27;[0m&amp#27;[32mverify the price for stripe options&amp#27;[0m                             &amp#27;[90m# stepDefinations.Verify_5OFF_Coupon.verifsy_the_price_for_stripe_options()&amp#27;[0m
delete_Coupon_Message = Your coupon was successfully removed.
  &amp#27;[32mThen &amp#27;[0m&amp#27;[32mremove the applied coupon code&amp#27;[0m                                  &amp#27;[90m# stepDefinations.Verify_5OFF_Coupon.remove_the_applied_coupon_code()&amp#27;[0m
success_Message = Your coupon was successfully applied.
  &amp#27;[32mThen &amp#27;[0m&amp#27;[32mAgain select the radio button for coupon code and paypal option&amp#27;[0m &amp#27;[90m# stepDefinations.Verify_5OFF_Coupon.Again_select_the_radio_button_for_coupon_code_and_paypal_option()&amp#27;[0m
Price = $142.49
  &amp#27;[32mThen &amp#27;[0m&amp#27;[32mVerify the price for paypal&amp#27;[0m                                     &amp#27;[90m# stepDefinations.Verify_5OFF_Coupon.Verify_the_price_for_paypal()&amp#27;[0m
delete_Coupon_Message = Your coupon was successfully removed.
  &amp#27;[32mThen &amp#27;[0m&amp#27;[32mRemove the coupon code and check the message&amp#27;[0m                    &amp#27;[90m# stepDefinations.Verify_5OFF_Coupon.Remove_the_coupon_code_and_check_the_message()&amp#27;[0m
  &amp#27;[32mThen &amp#27;[0m&amp#27;[32mnavigates back to the Pricing Page&amp#27;[0m                              &amp#27;[90m# stepDefinations.Verify_5OFF_Coupon.navigates_back_to_the_Pricing_Page()&amp#27;[0m
induvidulal_annual clicked
  &amp#27;[32mThen &amp#27;[0m&amp#27;[32mclick on join now Annual option&amp#27;[0m                                 &amp#27;[90m# stepDefinations.Verify_5OFF_Coupon.click_on_join_now_annual_option()&amp#27;[0m
Title = Checkout
  &amp#27;[32mThen &amp#27;[0m&amp#27;[32mverify that user should be on Checkout page&amp#27;[0m                     &amp#27;[90m# stepDefinations.Verify_5OFF_Coupon.verify_that_user_should_be_on_Checkout_page()&amp#27;[0m
success_Message = Your coupon was successfully applied.
  &amp#27;[32mThen &amp#27;[0m&amp#27;[32mselect the radio button for coupon code and Stripe option&amp#27;[0m       &amp#27;[90m# stepDefinations.Verify_5OFF_Coupon.select_the_radio_button_for_coupon_code_and_Stripe_option()&amp#27;[0m
Price = $237.49
  &amp#27;[32mThen &amp#27;[0m&amp#27;[32mVerify the price for stripe option&amp#27;[0m                              &amp#27;[90m# stepDefinations.Verify_5OFF_Coupon.Verify_the_price_for_stripe_option()&amp#27;[0m
delete_Coupon_Message = Your coupon was successfully removed.
  &amp#27;[32mThen &amp#27;[0m&amp#27;[32mRemove the coupon code&amp#27;[0m                                          &amp#27;[90m# stepDefinations.Verify_5OFF_Coupon.Remove_the_coupon_code()&amp#27;[0m
success_Message = Your coupon was successfully applied.
  &amp#27;[32mThen &amp#27;[0m&amp#27;[32magain Select the radio button for coupon code and paypal option&amp#27;[0m &amp#27;[90m# stepDefinations.Verify_5OFF_Coupon.again_Select_the_radio_button_for_coupon_code_and_paypal_option()&amp#27;[0m
Price = $237.49
  &amp#27;[32mThen &amp#27;[0m&amp#27;[32mverify The price for paypal&amp#27;[0m                                     &amp#27;[90m# stepDefinations.Verify_5OFF_Coupon.verify_The_price_for_paypal()&amp#27;[0m
delete_Coupon_Message = Your coupon was successfully removed.
  &amp#27;[32mThen &amp#27;[0m&amp#27;[32mremove The coupon code and check the message&amp#27;[0m                    &amp#27;[90m# stepDefinations.Verify_5OFF_Coupon.remove_The_coupon_code_and_check_the_message()&amp#27;[0m
  &amp#27;[32mThen &amp#27;[0m&amp#27;[32mnavigates back to the pricing pages&amp#27;[0m                             &amp#27;[90m# stepDefinations.Verify_5OFF_Coupon.navigates_back_to_the_pricing_pages()&amp#27;[0m
individual_Annual+Design clicked
  &amp#27;[32mThen &amp#27;[0m&amp#27;[32mclick on join now Annual+Design option&amp#27;[0m                          &amp#27;[90m# stepDefinations.Verify_5OFF_Coupon.click_on_join_now_annual_design_option()&amp#27;[0m
Title = Checkout
  &amp#27;[32mThen &amp#27;[0m&amp#27;[32mverify that user should be on checkout Page&amp#27;[0m                     &amp#27;[90m# stepDefinations.Verify_5OFF_Coupon.verify_that_user_should_be_on_checkout_Page()&amp#27;[0m
success_Message = Your coupon was successfully applied.
  &amp#27;[32mThen &amp#27;[0m&amp#27;[32mselect the Radio button for coupon code and stripe option&amp#27;[0m       &amp#27;[90m# stepDefinations.Verify_5OFF_Coupon.select_the_Radio_button_for_coupon_code_and_stripe_option()&amp#27;[0m
Price = $284.99
  &amp#27;[32mThen &amp#27;[0m&amp#27;[32mverify the Price for stripe option&amp#27;[0m                              &amp#27;[90m# stepDefinations.Verify_5OFF_Coupon.verify_the_Price_for_stripe_option()&amp#27;[0m
delete_Coupon_Message = Your coupon was successfully removed.
  &amp#27;[32mThen &amp#27;[0m&amp#27;[32mRemove the Coupon code&amp#27;[0m                                          &amp#27;[90m# stepDefinations.Verify_5OFF_Coupon.Remove_the_Coupon_code()&amp#27;[0m
success_Message = Your coupon was successfully applied.
  &amp#27;[32mThen &amp#27;[0m&amp#27;[32magain select The radio button for coupon code and paypal option&amp#27;[0m &amp#27;[90m# stepDefinations.Verify_5OFF_Coupon.again_select_The_radio_button_for_coupon_code_and_paypal_option()&amp#27;[0m
Price = $284.99
verify_price= $284.99
  &amp#27;[32mThen &amp#27;[0m&amp#27;[32mverify the Price for paypal&amp#27;[0m                                     &amp#27;[90m# stepDefinations.Verify_5OFF_Coupon.verify_the_Price_for_paypal()&amp#27;[0m
delete_Coupon_Message = Your coupon was successfully removed.
  &amp#27;[32mThen &amp#27;[0m&amp#27;[32mremove the Coupon code and check the message&amp#27;[0m                    &amp#27;[90m# stepDefinations.Verify_5OFF_Coupon.remove_the_Coupon_code_and_check_the_message()&amp#27;[0m
  &amp#27;[32mThen &amp#27;[0m&amp#27;[32mNavigates Back to the Pricing Page&amp#27;[0m                              &amp#27;[90m# stepDefinations.Verify_5OFF_Coupon.Navigates_Back_to_the_Pricing_Page()&amp#27;[0m
]]></system-out>
    <system-err><![CDATA[log4j:WARN No appenders could be found for logger (SetUpClass.BaseClass).
log4j:WARN Please initialize the log4j system properly.
log4j:WARN See http://logging.apache.org/log4j/1.2/faq.html#noconfig for more info.
[main] INFO io.github.bonigarcia.wdm.WebDriverManager - Using chromedriver 105.0.5195.52 (resolved driver for Chrome 105)
[main] INFO io.github.bonigarcia.wdm.WebDriverManager - Exporting webdriver.chrome.driver as C:\Users\SLIDE QA\.cache\selenium\chromedriver\win32\105.0.5195.52\chromedriver.exe
Starting ChromeDriver 105.0.5195.52 (412c95e518836d8a7d97250d62b29c2ae6a26a85-refs/branch-heads/5195@{#853}) on port 11129
Only local connections are allowed.
Please see https://chromedriver.chromium.org/security-considerations for suggestions on keeping ChromeDriver safe.
ChromeDriver was started successfully.
Sep 28, 2022 3:30:26 PM org.openqa.selenium.remote.ProtocolHandshake createSession
INFO: Detected dialect: W3C
]]></system-err>
  </testcase>
  <testcase name="verify the 5OFF coupon for free accounts for BusinessTeam" classname="verify the 5OFF coupon" time="220.424">
    <system-out><![CDATA[
@verify_5OFF_Coupon @BusinessTeam
Scenario: verify the 5OFF coupon for free accounts for BusinessTeam    &amp#27;[90m# src/test/java/features/Verify_5Off_Coupon.feature:48&amp#27;[0m
  &amp#27;[32mWhen &amp#27;[0m&amp#27;[32mselect Business Team option&amp#27;[0m                                     &amp#27;[90m# stepDefinations.Verify_5OFF_Coupon.select_business_team_option()&amp#27;[0m
  &amp#27;[32mThen &amp#27;[0m&amp#27;[32mclick on join now Annual four user licence option&amp#27;[0m               &amp#27;[90m# stepDefinations.Verify_5OFF_Coupon.click_on_join_now_Annual_four_user_licence_option()&amp#27;[0m
Title = Checkout
  &amp#27;[32mThen &amp#27;[0m&amp#27;[32mverify that user should be on Checkout Page&amp#27;[0m                     &amp#27;[90m# stepDefinations.Verify_5OFF_Coupon.verify_that_user_should_be_on_Checkout_Page()&amp#27;[0m
success_Message = Your coupon was successfully applied.
  &amp#27;[32mThen &amp#27;[0m&amp#27;[32mSelect the Radio button for coupon code and stripe option&amp#27;[0m       &amp#27;[90m# stepDefinations.Verify_5OFF_Coupon.Select_the_Radio_button_for_coupon_code_and_stripe_option()&amp#27;[0m
Price = $569.99
  &amp#27;[32mThen &amp#27;[0m&amp#27;[32mverify the price for stripe Option&amp#27;[0m                              &amp#27;[90m# stepDefinations.Verify_5OFF_Coupon.verify_the_price_for_stripe_Option()&amp#27;[0m
delete_Coupon_Message = Your coupon was successfully removed.
  &amp#27;[32mThen &amp#27;[0m&amp#27;[32mRemove the Coupon Code&amp#27;[0m                                          &amp#27;[90m# stepDefinations.Verify_5OFF_Coupon.Remove_the_Coupon_Code()&amp#27;[0m
success_Message = Your coupon was successfully applied.
  &amp#27;[32mThen &amp#27;[0m&amp#27;[32magain select the Radio button for coupon code and paypal option&amp#27;[0m &amp#27;[90m# stepDefinations.Verify_5OFF_Coupon.again_select_the_Radio_button_for_coupon_code_and_paypal_option()&amp#27;[0m
Price = $569.99
  &amp#27;[32mThen &amp#27;[0m&amp#27;[32mverify the price For paypal&amp#27;[0m                                     &amp#27;[90m# stepDefinations.Verify_5OFF_Coupon.verify_the_price_For_paypal()&amp#27;[0m
delete_Coupon_Message = Your coupon was successfully removed.
  &amp#27;[32mThen &amp#27;[0m&amp#27;[32mremove the coupon Code and check the message&amp#27;[0m                    &amp#27;[90m# stepDefinations.Verify_5OFF_Coupon.remove_the_coupon_Code_and_check_the_message()&amp#27;[0m
  &amp#27;[32mThen &amp#27;[0m&amp#27;[32mNavigates back to the pricing page&amp#27;[0m                              &amp#27;[90m# stepDefinations.Verify_5OFF_Coupon.Navigates_back_to_the_pricing_page()&amp#27;[0m
  &amp#27;[32mThen &amp#27;[0m&amp#27;[32mclick on join now Annual twenty user licence option&amp#27;[0m             &amp#27;[90m# stepDefinations.Verify_5OFF_Coupon.click_on_join_now_annual_twenty_user_licence_option()&amp#27;[0m
Title = Checkout
  &amp#27;[32mThen &amp#27;[0m&amp#27;[32mVerify that user should be on Checkout page&amp#27;[0m                     &amp#27;[90m# stepDefinations.Verify_5OFF_Coupon.Verify_that_user_should_be_on_Checkout_page()&amp#27;[0m
success_Message = Your coupon was successfully applied.
  &amp#27;[32mThen &amp#27;[0m&amp#27;[32mselect the radio button for Coupon Code and stripe option&amp#27;[0m       &amp#27;[90m# stepDefinations.Verify_5OFF_Coupon.select_the_radio_button_for_Coupon_Code_and_stripe_option()&amp#27;[0m
Price = $1,519.99
  &amp#27;[32mThen &amp#27;[0m&amp#27;[32mverify the price For Stripe option&amp#27;[0m                              &amp#27;[90m# stepDefinations.Verify_5OFF_Coupon.verify_the_price_For_Stripe_option()&amp#27;[0m
delete_Coupon_Message = Your coupon was successfully removed.
  &amp#27;[32mThen &amp#27;[0m&amp#27;[32mremove the Applied coupon code&amp#27;[0m                                  &amp#27;[90m# stepDefinations.Verify_5OFF_Coupon.remove_the_Applied_coupon_code()&amp#27;[0m
success_Message = Your coupon was successfully applied.
  &amp#27;[32mThen &amp#27;[0m&amp#27;[32magain select the radio button For coupon code and paypal option&amp#27;[0m &amp#27;[90m# stepDefinations.Verify_5OFF_Coupon.again_select_the_radio_button_For_coupon_code_and_paypal_option()&amp#27;[0m
Price = $1,519.99
  &amp#27;[32mThen &amp#27;[0m&amp#27;[32mverify the price for Paypal&amp#27;[0m                                     &amp#27;[90m# stepDefinations.Verify_5OFF_Coupon.verify_the_price_for_Paypal()&amp#27;[0m
delete_Coupon_Message = Your coupon was successfully removed.
  &amp#27;[32mThen &amp#27;[0m&amp#27;[32mremove the coupon code nd Check the message&amp#27;[0m                     &amp#27;[90m# stepDefinations.Verify_5OFF_Coupon.remove_the_coupon_code_nd_check_the_message()&amp#27;[0m
  &amp#27;[32mThen &amp#27;[0m&amp#27;[32mnavigates Back to the pricing page&amp#27;[0m                              &amp#27;[90m# stepDefinations.Verify_5OFF_Coupon.navigates_Back_to_the_pricing_page()&amp#27;[0m
  &amp#27;[32mThen &amp#27;[0m&amp#27;[32mclick on join now unlimted user licence option&amp#27;[0m                  &amp#27;[90m# stepDefinations.Verify_5OFF_Coupon.click_on_join_now_unlimted_user_licence_option()&amp#27;[0m
Title = Checkout
  &amp#27;[32mThen &amp#27;[0m&amp#27;[32mVerify that user should be on Checkout Page&amp#27;[0m                     &amp#27;[90m# stepDefinations.Verify_5OFF_Coupon.Verify_that_user_should_be_on_Checkout_Page()&amp#27;[0m
success_Message = Your coupon was successfully applied.
  &amp#27;[32mThen &amp#27;[0m&amp#27;[32mSelect the Radio button for Coupon code and stripe option&amp#27;[0m       &amp#27;[90m# stepDefinations.Verify_5OFF_Coupon.Select_the_Radio_button_for_Coupon_code_and_stripe_option()&amp#27;[0m
Price = $2,849.99
  &amp#27;[32mThen &amp#27;[0m&amp#27;[32mVerify the price for Stripe option&amp#27;[0m                              &amp#27;[90m# stepDefinations.Verify_5OFF_Coupon.Verify_the_price_for_Stripe_option()&amp#27;[0m
delete_Coupon_Message = Your coupon was successfully removed.
  &amp#27;[32mThen &amp#27;[0m&amp#27;[32mremove the Applied coupon&amp#27;[0m                                       &amp#27;[90m# stepDefinations.Verify_5OFF_Coupon.remove_the_applied_coupon()&amp#27;[0m
success_Message = Your coupon was successfully applied.
  &amp#27;[32mThen &amp#27;[0m&amp#27;[32magain select the radio button for Coupon code and paypal option&amp#27;[0m &amp#27;[90m# stepDefinations.Verify_5OFF_Coupon.again_select_the_radio_button_for_Coupon_code_and_paypal_option()&amp#27;[0m
Price = $2,849.99
  &amp#27;[32mThen &amp#27;[0m&amp#27;[32mVerify the price for Paypal&amp#27;[0m                                     &amp#27;[90m# stepDefinations.Verify_5OFF_Coupon.Verify_the_price_for_Paypal()&amp#27;[0m
delete_Coupon_Message = Your coupon was successfully removed.
  &amp#27;[32mThen &amp#27;[0m&amp#27;[32mremove the coupon code and check the Message&amp#27;[0m                    &amp#27;[90m# stepDefinations.Verify_5OFF_Coupon.remove_the_coupon_code_and_check_the_Message()&amp#27;[0m
  &amp#27;[32mThen &amp#27;[0m&amp#27;[32mnavigates back To the pricing page&amp#27;[0m                              &amp#27;[90m# stepDefinations.Verify_5OFF_Coupon.navigates_back_To_the_pricing_page()&amp#27;[0m
]]></system-out>
  </testcase>
  <testcase name="verify the 5OFF coupon for free accounts for education" classname="verify the 5OFF coupon" time="23.004">
    <failure message="5off coupon is not applied successfully" type="java.lang.AssertionError"><![CDATA[java.lang.AssertionError: 5off coupon is not applied successfully
]]></failure>
    <system-out><![CDATA[
@verify_5OFF_Coupon @Education
Scenario: verify the 5OFF coupon for free accounts for education       &amp#27;[90m# src/test/java/features/Verify_5Off_Coupon.feature:80&amp#27;[0m
  &amp#27;[32mWhen &amp#27;[0m&amp#27;[32mselect Education option&amp#27;[0m                                         &amp#27;[90m# stepDefinations.Verify_5OFF_Coupon.select_education_option()&amp#27;[0m
  &amp#27;[32mThen &amp#27;[0m&amp#27;[32mclick on join now Annual user licence option&amp#27;[0m                    &amp#27;[90m# stepDefinations.Verify_5OFF_Coupon.click_on_join_now_annual_user_licence_option()&amp#27;[0m
Title = Checkout
  &amp#27;[32mThen &amp#27;[0m&amp#27;[32mVerify That user should be on checkout page&amp#27;[0m                     &amp#27;[90m# stepDefinations.Verify_5OFF_Coupon.Verify_That_user_should_be_on_checkout_page()&amp#27;[0m
success_Message = Your coupon was successfully applied.
  &amp#27;[32mThen &amp#27;[0m&amp#27;[32mSelect the radio button for coupon code and Stripe OPtion&amp#27;[0m       &amp#27;[90m# stepDefinations.Verify_5OFF_Coupon.select_the_radio_button_for_coupon_code_and_stripe_OPtion()&amp#27;[0m
Price = $379.99
  &amp#27;[31mThen &amp#27;[0m&amp#27;[31mVerify the Price For Stripe Option&amp#27;[0m                              &amp#27;[90m# stepDefinations.Verify_5OFF_Coupon.Verify_the_Price_For_Stripe_Option()&amp#27;[0m
      &amp#27;[31mjava.lang.AssertionError: 5off coupon is not applied successfully
	at org.junit.Assert.fail(Assert.java:88)
	at org.junit.Assert.assertTrue(Assert.java:41)
	at stepDefinations.Verify_5OFF_Coupon.Verify_the_Price_For_Stripe_Option(Verify_5OFF_Coupon.java:562)
	at âœ½.Verify the Price For Stripe Option(file:///D:/Selenium%20Live%20Projects/VerifyTeamCoupon/./src/test/java/features/Verify_5Off_Coupon.feature:85)
&amp#27;[0m
  &amp#27;[36mThen &amp#27;[0m&amp#27;[36mRemove the coupon&amp#27;[0m                                               &amp#27;[90m# stepDefinations.Verify_5OFF_Coupon.remove_the_coupon()&amp#27;[0m
  &amp#27;[36mThen &amp#27;[0m&amp#27;[36magain select the radio button for coupon Code and paypal option&amp#27;[0m &amp#27;[90m# stepDefinations.Verify_5OFF_Coupon.again_select_the_radio_button_for_coupon_Code_and_paypal_option()&amp#27;[0m
  &amp#27;[36mThen &amp#27;[0m&amp#27;[36mVerify The price for paypal&amp#27;[0m                                     &amp#27;[90m# stepDefinations.Verify_5OFF_Coupon.Verify_The_price_for_paypal()&amp#27;[0m
  &amp#27;[36mThen &amp#27;[0m&amp#27;[36mRemove the coupon code and check the Message&amp#27;[0m                    &amp#27;[90m# stepDefinations.Verify_5OFF_Coupon.Remove_the_coupon_code_and_check_the_Message()&amp#27;[0m
  &amp#27;[36mThen &amp#27;[0m&amp#27;[36mnavigates back to The pricing page&amp#27;[0m                              &amp#27;[90m# stepDefinations.Verify_5OFF_Coupon.navigates_back_to_The_pricing_page()&amp#27;[0m
  &amp#27;[36mThen &amp#27;[0m&amp#27;[36mclick on join now unlimted users licence option&amp#27;[0m                 &amp#27;[90m# stepDefinations.Verify_5OFF_Coupon.click_on_join_now_unlimted_users_licence_option()&amp#27;[0m
  &amp#27;[36mThen &amp#27;[0m&amp#27;[36mVerify That User Should be on checkout page&amp#27;[0m                     &amp#27;[90m# stepDefinations.Verify_5OFF_Coupon.Verify_That_User_Should_be_on_checkout_page()&amp#27;[0m
  &amp#27;[36mThen &amp#27;[0m&amp#27;[36mselect The Radio button For coupon code and stripe option&amp#27;[0m       &amp#27;[90m# stepDefinations.Verify_5OFF_Coupon.select_The_Radio_button_for_coupon_code_and_stripe_option()&amp#27;[0m
  &amp#27;[36mThen &amp#27;[0m&amp#27;[36mverify the Prices for stripe options&amp#27;[0m                            &amp#27;[90m# stepDefinations.Verify_5OFF_Coupon.verify_the_prices_for_stripe_options()&amp#27;[0m
  &amp#27;[36mThen &amp#27;[0m&amp#27;[36mremove The Applied Coupon Code&amp#27;[0m                                  &amp#27;[90m# stepDefinations.Verify_5OFF_Coupon.remove_the_Applied_Coupon_Code()&amp#27;[0m
  &amp#27;[36mThen &amp#27;[0m&amp#27;[36magain select the radio button for coupon code and Paypal option&amp#27;[0m &amp#27;[90m# stepDefinations.Verify_5OFF_Coupon.again_select_the_radio_button_for_coupon_code_and_Paypal_option()&amp#27;[0m
  &amp#27;[36mThen &amp#27;[0m&amp#27;[36mVerify The Price for Paypal&amp#27;[0m                                     &amp#27;[90m# stepDefinations.Verify_5OFF_Coupon.Verify_the_Price_for_Paypal()&amp#27;[0m
  &amp#27;[36mThen &amp#27;[0m&amp#27;[36mRemove the Coupon code and check the Message&amp#27;[0m                    &amp#27;[90m# stepDefinations.Verify_5OFF_Coupon.Remove_the_Coupon_code_and_check_the_Message()&amp#27;[0m
  &amp#27;[36mThen &amp#27;[0m&amp#27;[36mnavigates back to the Pricing page&amp#27;[0m                              &amp#27;[90m# stepDefinations.Verify_5OFF_Coupon.navigates_back_to_the_Pricing_page()&amp#27;[0m

    Embedding screenshotName [image/png 116616 bytes]

]]></system-out>
  </testcase>
</testsuite>